1 -> 25 -> 24 -> 23 -> 22 -> 21 -> 20 -> 19 -> 18 -> 17 -> 16 -> 15 -> 14 -> 13 -> 12 -> 11 -> 10 -> 9 -> 8 -> 7 -> 6 -> 5 -> 4 -> 3 -> 2
1 -> 25 -> 24 -> 23 -> 22 -> 21 -> 20 -> 19 -> 18 -> 17 -> 16 -> 15 -> 14 -> 13 -> 12 -> 11 -> 10 -> 9 -> 8 -> 7 -> 6 -> 5 -> 4 -> 2 -> 3
1 -> 25 -> 24 -> 23 -> 22 -> 21 -> 20 -> 19 -> 18 -> 17 -> 16 -> 15 -> 14 -> 13 -> 12 -> 11 -> 10 -> 9 -> 8 -> 7 -> 6 -> 5 -> 3 -> 2 -> 4
1 -> 25 -> 24 -> 23 -> 22 -> 21 -> 20 -> 19 -> 18 -> 17 -> 16 -> 15 -> 14 -> 13 -> 12 -> 11 -> 10 -> 9 -> 8 -> 7 -> 6 -> 4 -> 3 -> 2 -> 5
1 -> 25 -> 24 -> 23 -> 22 -> 21 -> 20 -> 19 -> 18 -> 17 -> 16 -> 15 -> 14 -> 13 -> 12 -> 11 -> 10 -> 9 -> 8 -> 7 -> 5 -> 4 -> 3 -> 2 -> 6
1 -> 25 -> 24 -> 23 -> 22 -> 21 -> 20 -> 19 -> 18 -> 17 -> 16 -> 15 -> 14 -> 13 -> 12 -> 11 -> 10 -> 9 -> 8 -> 6 -> 5 -> 4 -> 3 -> 2 -> 7
1 -> 25 -> 24 -> 23 -> 22 -> 21 -> 20 -> 19 -> 18 -> 17 -> 16 -> 15 -> 14 -> 13 -> 12 -> 11 -> 10 -> 9 -> 7 -> 6 -> 5 -> 4 -> 3 -> 2 -> 8
1 -> 25 -> 24 -> 23 -> 22 -> 21 -> 20 -> 19 -> 18 -> 17 -> 16 -> 15 -> 14 -> 13 -> 12 -> 11 -> 10 -> 8 -> 7 -> 6 -> 5 -> 4 -> 3 -> 2 -> 9
1 -> 25 -> 24 -> 23 -> 22 -> 21 -> 20 -> 19 -> 18 -> 17 -> 16 -> 15 -> 14 -> 13 -> 12 -> 11 -> 9 -> 8 -> 7 -> 6 -> 5 -> 4 -> 3 -> 2 -> 10
1 -> 25 -> 24 -> 23 -> 22 -> 21 -> 20 -> 19 -> 18 -> 17 -> 16 -> 15 -> 14 -> 13 -> 12 -> 10 -> 9 -> 8 -> 7 -> 6 -> 5 -> 4 -> 3 -> 2 -> 11
1 -> 25 -> 24 -> 23 -> 22 -> 21 -> 20 -> 19 -> 18 -> 17 -> 16 -> 15 -> 14 -> 13 -> 11 -> 10 -> 9 -> 8 -> 7 -> 6 -> 5 -> 4 -> 3 -> 2 -> 12
1 -> 25 -> 24 -> 23 -> 22 -> 21 -> 20 -> 19 -> 18 -> 17 -> 16 -> 15 -> 14 -> 12 -> 11 -> 10 -> 9 -> 8 -> 7 -> 6 -> 5 -> 4 -> 3 -> 2 -> 13
1 -> 25 -> 24 -> 23 -> 22 -> 21 -> 20 -> 19 -> 18 -> 17 -> 16 -> 15 -> 13 -> 12 -> 11 -> 10 -> 9 -> 8 -> 7 -> 6 -> 5 -> 4 -> 3 -> 2 -> 14
1 -> 25 -> 24 -> 23 -> 22 -> 21 -> 20 -> 19 -> 18 -> 17 -> 16 -> 14 -> 13 -> 12 -> 11 -> 10 -> 9 -> 8 -> 7 -> 6 -> 5 -> 4 -> 3 -> 2 -> 15
1 -> 25 -> 24 -> 23 -> 22 -> 21 -> 20 -> 19 -> 18 -> 17 -> 15 -> 14 -> 13 -> 12 -> 11 -> 10 -> 9 -> 8 -> 7 -> 6 -> 5 -> 4 -> 3 -> 2 -> 16
1 -> 25 -> 24 -> 23 -> 22 -> 21 -> 20 -> 19 -> 18 -> 16 -> 15 -> 14 -> 13 -> 12 -> 11 -> 10 -> 9 -> 8 -> 7 -> 6 -> 5 -> 4 -> 3 -> 2 -> 17
1 -> 25 -> 24 -> 23 -> 22 -> 21 -> 20 -> 19 -> 17 -> 16 -> 15 -> 14 -> 13 -> 12 -> 11 -> 10 -> 9 -> 8 -> 7 -> 6 -> 5 -> 4 -> 3 -> 2 -> 18
1 -> 25 -> 24 -> 23 -> 22 -> 21 -> 20 -> 18 -> 17 -> 16 -> 15 -> 14 -> 13 -> 12 -> 11 -> 10 -> 9 -> 8 -> 7 -> 6 -> 5 -> 4 -> 3 -> 2 -> 19
1 -> 25 -> 24 -> 23 -> 22 -> 21 -> 19 -> 18 -> 17 -> 16 -> 15 -> 14 -> 13 -> 12 -> 11 -> 10 -> 9 -> 8 -> 7 -> 6 -> 5 -> 4 -> 3 -> 2 -> 20
1 -> 25 -> 24 -> 23 -> 22 -> 20 -> 19 -> 18 -> 17 -> 16 -> 15 -> 14 -> 13 -> 12 -> 11 -> 10 -> 9 -> 8 -> 7 -> 6 -> 5 -> 4 -> 3 -> 2 -> 21
1 -> 25 -> 24 -> 23 -> 21 -> 20 -> 19 -> 18 -> 17 -> 16 -> 15 -> 14 -> 13 -> 12 -> 11 -> 10 -> 9 -> 8 -> 7 -> 6 -> 5 -> 4 -> 3 -> 2 -> 22
1 -> 25 -> 24 -> 22 -> 21 -> 20 -> 19 -> 18 -> 17 -> 16 -> 15 -> 14 -> 13 -> 12 -> 11 -> 10 -> 9 -> 8 -> 7 -> 6 -> 5 -> 4 -> 3 -> 2 -> 23
1 -> 25 -> 23 -> 22 -> 21 -> 20 -> 19 -> 18 -> 17 -> 16 -> 15 -> 14 -> 13 -> 12 -> 11 -> 10 -> 9 -> 8 -> 7 -> 6 -> 5 -> 4 -> 3 -> 2 -> 24
1 -> 24 -> 23 -> 22 -> 21 -> 20 -> 19 -> 18 -> 17 -> 16 -> 15 -> 14 -> 13 -> 12 -> 11 -> 10 -> 9 -> 8 -> 7 -> 6 -> 5 -> 4 -> 3 -> 2 -> 25
2 -> 1 -> 25 -> 24 -> 23 -> 22 -> 21 -> 20 -> 19 -> 18 -> 17 -> 16 -> 15 -> 14 -> 13 -> 12 -> 11 -> 10 -> 9 -> 8 -> 7 -> 6 -> 5 -> 4 -> 3
2 -> 1 -> 25 -> 24 -> 23 -> 22 -> 21 -> 20 -> 19 -> 18 -> 17 -> 16 -> 15 -> 14 -> 13 -> 12 -> 11 -> 10 -> 9 -> 8 -> 7 -> 6 -> 5 -> 3 -> 4
2 -> 1 -> 25 -> 24 -> 23 -> 22 -> 21 -> 20 -> 19 -> 18 -> 17 -> 16 -> 15 -> 14 -> 13 -> 12 -> 11 -> 10 -> 9 -> 8 -> 7 -> 6 -> 4 -> 3 -> 5
2 -> 1 -> 25 -> 24 -> 23 -> 22 -> 21 -> 20 -> 19 -> 18 -> 17 -> 16 -> 15 -> 14 -> 13 -> 12 -> 11 -> 10 -> 9 -> 8 -> 7 -> 5 -> 4 -> 3 -> 6
2 -> 1 -> 25 -> 24 -> 23 -> 22 -> 21 -> 20 -> 19 -> 18 -> 17 -> 16 -> 15 -> 14 -> 13 -> 12 -> 11 -> 10 -> 9 -> 8 -> 6 -> 5 -> 4 -> 3 -> 7
2 -> 1 -> 25 -> 24 -> 23 -> 22 -> 21 -> 20 -> 19 -> 18 -> 17 -> 16 -> 15 -> 14 -> 13 -> 12 -> 11 -> 10 -> 9 -> 7 -> 6 -> 5 -> 4 -> 3 -> 8
2 -> 1 -> 25 -> 24 -> 23 -> 22 -> 21 -> 20 -> 19 -> 18 -> 17 -> 16 -> 15 -> 14 -> 13 -> 12 -> 11 -> 10 -> 8 -> 7 -> 6 -> 5 -> 4 -> 3 -> 9
2 -> 1 -> 25 -> 24 -> 23 -> 22 -> 21 -> 20 -> 19 -> 18 -> 17 -> 16 -> 15 -> 14 -> 13 -> 12 -> 11 -> 9 -> 8 -> 7 -> 6 -> 5 -> 4 -> 3 -> 10
2 -> 1 -> 25 -> 24 -> 23 -> 22 -> 21 -> 20 -> 19 -> 18 -> 17 -> 16 -> 15 -> 14 -> 13 -> 12 -> 10 -> 9 -> 8 -> 7 -> 6 -> 5 -> 4 -> 3 -> 11
2 -> 1 -> 25 -> 24 -> 23 -> 22 -> 21 -> 20 -> 19 -> 18 -> 17 -> 16 -> 15 -> 14 -> 13 -> 11 -> 10 -> 9 -> 8 -> 7 -> 6 -> 5 -> 4 -> 3 -> 12
2 -> 1 -> 25 -> 24 -> 23 -> 22 -> 21 -> 20 -> 19 -> 18 -> 17 -> 16 -> 15 -> 14 -> 12 -> 11 -> 10 -> 9 -> 8 -> 7 -> 6 -> 5 -> 4 -> 3 -> 13
2 -> 1 -> 25 -> 24 -> 23 -> 22 -> 21 -> 20 -> 19 -> 18 -> 17 -> 16 -> 15 -> 13 -> 12 -> 11 -> 10 -> 9 -> 8 -> 7 -> 6 -> 5 -> 4 -> 3 -> 14
2 -> 1 -> 25 -> 24 -> 23 -> 22 -> 21 -> 20 -> 19 -> 18 -> 17 -> 16 -> 14 -> 13 -> 12 -> 11 -> 10 -> 9 -> 8 -> 7 -> 6 -> 5 -> 4 -> 3 -> 15
2 -> 1 -> 25 -> 24 -> 23 -> 22 -> 21 -> 20 -> 19 -> 18 -> 17 -> 15 -> 14 -> 13 -> 12 -> 11 -> 10 -> 9 -> 8 -> 7 -> 6 -> 5 -> 4 -> 3 -> 16
2 -> 1 -> 25 -> 24 -> 23 -> 22 -> 21 -> 20 -> 19 -> 18 -> 16 -> 15 -> 14 -> 13 -> 12 -> 11 -> 10 -> 9 -> 8 -> 7 -> 6 -> 5 -> 4 -> 3 -> 17
2 -> 1 -> 25 -> 24 -> 23 -> 22 -> 21 -> 20 -> 19 -> 17 -> 16 -> 15 -> 14 -> 13 -> 12 -> 11 -> 10 -> 9 -> 8 -> 7 -> 6 -> 5 -> 4 -> 3 -> 18
2 -> 1 -> 25 -> 24 -> 23 -> 22 -> 21 -> 20 -> 18 -> 17 -> 16 -> 15 -> 14 -> 13 -> 12 -> 11 -> 10 -> 9 -> 8 -> 7 -> 6 -> 5 -> 4 -> 3 -> 19
2 -> 1 -> 25 -> 24 -> 23 -> 22 -> 21 -> 19 -> 18 -> 17 -> 16 -> 15 -> 14 -> 13 -> 12 -> 11 -> 10 -> 9 -> 8 -> 7 -> 6 -> 5 -> 4 -> 3 -> 20
2 -> 1 -> 25 -> 24 -> 23 -> 22 -> 20 -> 19 -> 18 -> 17 -> 16 -> 15 -> 14 -> 13 -> 12 -> 11 -> 10 -> 9 -> 8 -> 7 -> 6 -> 5 -> 4 -> 3 -> 21
2 -> 1 -> 25 -> 24 -> 23 -> 21 -> 20 -> 19 -> 18 -> 17 -> 16 -> 15 -> 14 -> 13 -> 12 -> 11 -> 10 -> 9 -> 8 -> 7 -> 6 -> 5 -> 4 -> 3 -> 22
2 -> 1 -> 25 -> 24 -> 22 -> 21 -> 20 -> 19 -> 18 -> 17 -> 16 -> 15 -> 14 -> 13 -> 12 -> 11 -> 10 -> 9 -> 8 -> 7 -> 6 -> 5 -> 4 -> 3 -> 23
2 -> 1 -> 25 -> 23 -> 22 -> 21 -> 20 -> 19 -> 18 -> 17 -> 16 -> 15 -> 14 -> 13 -> 12 -> 11 -> 10 -> 9 -> 8 -> 7 -> 6 -> 5 -> 4 -> 3 -> 24
2 -> 1 -> 24 -> 23 -> 22 -> 21 -> 20 -> 19 -> 18 -> 17 -> 16 -> 15 -> 14 -> 13 -> 12 -> 11 -> 10 -> 9 -> 8 -> 7 -> 6 -> 5 -> 4 -> 3 -> 25
3 -> 1 -> 25 -> 24 -> 23 -> 22 -> 21 -> 20 -> 19 -> 18 -> 17 -> 16 -> 15 -> 14 -> 13 -> 12 -> 11 -> 10 -> 9 -> 8 -> 7 -> 6 -> 5 -> 4 -> 2
3 -> 1 -> 25 -> 24 -> 23 -> 22 -> 21 -> 20 -> 19 -> 18 -> 17 -> 16 -> 15 -> 14 -> 13 -> 12 -> 11 -> 10 -> 9 -> 8 -> 7 -> 6 -> 5 -> 2 -> 4
3 -> 1 -> 25 -> 24 -> 23 -> 22 -> 21 -> 20 -> 19 -> 18 -> 17 -> 16 -> 15 -> 14 -> 13 -> 12 -> 11 -> 10 -> 9 -> 8 -> 7 -> 6 -> 4 -> 2 -> 5
3 -> 1 -> 25 -> 24 -> 23 -> 22 -> 21 -> 20 -> 19 -> 18 -> 17 -> 16 -> 15 -> 14 -> 13 -> 12 -> 11 -> 10 -> 9 -> 8 -> 7 -> 5 -> 4 -> 2 -> 6
3 -> 1 -> 25 -> 24 -> 23 -> 22 -> 21 -> 20 -> 19 -> 18 -> 17 -> 16 -> 15 -> 14 -> 13 -> 12 -> 11 -> 10 -> 9 -> 8 -> 6 -> 5 -> 4 -> 2 -> 7
3 -> 1 -> 25 -> 24 -> 23 -> 22 -> 21 -> 20 -> 19 -> 18 -> 17 -> 16 -> 15 -> 14 -> 13 -> 12 -> 11 -> 10 -> 9 -> 7 -> 6 -> 5 -> 4 -> 2 -> 8
3 -> 1 -> 25 -> 24 -> 23 -> 22 -> 21 -> 20 -> 19 -> 18 -> 17 -> 16 -> 15 -> 14 -> 13 -> 12 -> 11 -> 10 -> 8 -> 7 -> 6 -> 5 -> 4 -> 2 -> 9
3 -> 1 -> 25 -> 24 -> 23 -> 22 -> 21 -> 20 -> 19 -> 18 -> 17 -> 16 -> 15 -> 14 -> 13 -> 12 -> 11 -> 9 -> 8 -> 7 -> 6 -> 5 -> 4 -> 2 -> 10
3 -> 1 -> 25 -> 24 -> 23 -> 22 -> 21 -> 20 -> 19 -> 18 -> 17 -> 16 -> 15 -> 14 -> 13 -> 12 -> 10 -> 9 -> 8 -> 7 -> 6 -> 5 -> 4 -> 2 -> 11
3 -> 1 -> 25 -> 24 -> 23 -> 22 -> 21 -> 20 -> 19 -> 18 -> 17 -> 16 -> 15 -> 14 -> 13 -> 11 -> 10 -> 9 -> 8 -> 7 -> 6 -> 5 -> 4 -> 2 -> 12
3 -> 1 -> 25 -> 24 -> 23 -> 22 -> 21 -> 20 -> 19 -> 18 -> 17 -> 16 -> 15 -> 14 -> 12 -> 11 -> 10 -> 9 -> 8 -> 7 -> 6 -> 5 -> 4 -> 2 -> 13
3 -> 1 -> 25 -> 24 -> 23 -> 22 -> 21 -> 20 -> 19 -> 18 -> 17 -> 16 -> 15 -> 13 -> 12 -> 11 -> 10 -> 9 -> 8 -> 7 -> 6 -> 5 -> 4 -> 2 -> 14
3 -> 1 -> 25 -> 24 -> 23 -> 22 -> 21 -> 20 -> 19 -> 18 -> 17 -> 16 -> 14 -> 13 -> 12 -> 11 -> 10 -> 9 -> 8 -> 7 -> 6 -> 5 -> 4 -> 2 -> 15
3 -> 1 -> 25 -> 24 -> 23 -> 22 -> 21 -> 20 -> 19 -> 18 -> 17 -> 15 -> 14 -> 13 -> 12 -> 11 -> 10 -> 9 -> 8 -> 7 -> 6 -> 5 -> 4 -> 2 -> 16
3 -> 1 -> 25 -> 24 -> 23 -> 22 -> 21 -> 20 -> 19 -> 18 -> 16 -> 15 -> 14 -> 13 -> 12 -> 11 -> 10 -> 9 -> 8 -> 7 -> 6 -> 5 -> 4 -> 2 -> 17
3 -> 1 -> 25 -> 24 -> 23 -> 22 -> 21 -> 20 -> 19 -> 17 -> 16 -> 15 -> 14 -> 13 -> 12 -> 11 -> 10 -> 9 -> 8 -> 7 -> 6 -> 5 -> 4 -> 2 -> 18
3 -> 1 -> 25 -> 24 -> 23 -> 22 -> 21 -> 20 -> 18 -> 17 -> 16 -> 15 -> 14 -> 13 -> 12 -> 11 -> 10 -> 9 -> 8 -> 7 -> 6 -> 5 -> 4 -> 2 -> 19
3 -> 1 -> 25 -> 24 -> 23 -> 22 -> 21 -> 19 -> 18 -> 17 -> 16 -> 15 -> 14 -> 13 -> 12 -> 11 -> 10 -> 9 -> 8 -> 7 -> 6 -> 5 -> 4 -> 2 -> 20
3 -> 1 -> 25 -> 24 -> 23 -> 22 -> 20 -> 19 -> 18 -> 17 -> 16 -> 15 -> 14 -> 13 -> 12 -> 11 -> 10 -> 9 -> 8 -> 7 -> 6 -> 5 -> 4 -> 2 -> 21
3 -> 1 -> 25 -> 24 -> 23 -> 21 -> 20 -> 19 -> 18 -> 17 -> 16 -> 15 -> 14 -> 13 -> 12 -> 11 -> 10 -> 9 -> 8 -> 7 -> 6 -> 5 -> 4 -> 2 -> 22
3 -> 1 -> 25 -> 24 -> 22 -> 21 -> 20 -> 19 -> 18 -> 17 -> 16 -> 15 -> 14 -> 13 -> 12 -> 11 -> 10 -> 9 -> 8 -> 7 -> 6 -> 5 -> 4 -> 2 -> 23
3 -> 1 -> 25 -> 23 -> 22 -> 21 -> 20 -> 19 -> 18 -> 17 -> 16 -> 15 -> 14 -> 13 -> 12 -> 11 -> 10 -> 9 -> 8 -> 7 -> 6 -> 5 -> 4 -> 2 -> 24
3 -> 1 -> 24 -> 23 -> 22 -> 21 -> 20 -> 19 -> 18 -> 17 -> 16 -> 15 -> 14 -> 13 -> 12 -> 11 -> 10 -> 9 -> 8 -> 7 -> 6 -> 5 -> 4 -> 2 -> 25
4 -> 1 -> 25 -> 24 -> 23 -> 22 -> 21 -> 20 -> 19 -> 18 -> 17 -> 16 -> 15 -> 14 -> 13 -> 12 -> 11 -> 10 -> 9 -> 8 -> 7 -> 6 -> 5 -> 3 -> 2
4 -> 1 -> 25 -> 24 -> 23 -> 22 -> 21 -> 20 -> 19 -> 18 -> 17 -> 16 -> 15 -> 14 -> 13 -> 12 -> 11 -> 10 -> 9 -> 8 -> 7 -> 6 -> 5 -> 2 -> 3
4 -> 1 -> 25 -> 24 -> 23 -> 22 -> 21 -> 20 -> 19 -> 18 -> 17 -> 16 -> 15 -> 14 -> 13 -> 12 -> 11 -> 10 -> 9 -> 8 -> 7 -> 6 -> 3 -> 2 -> 5
4 -> 1 -> 25 -> 24 -> 23 -> 22 -> 21 -> 20 -> 19 -> 18 -> 17 -> 16 -> 15 -> 14 -> 13 -> 12 -> 11 -> 10 -> 9 -> 8 -> 7 -> 5 -> 3 -> 2 -> 6
4 -> 1 -> 25 -> 24 -> 23 -> 22 -> 21 -> 20 -> 19 -> 18 -> 17 -> 16 -> 15 -> 14 -> 13 -> 12 -> 11 -> 10 -> 9 -> 8 -> 6 -> 5 -> 3 -> 2 -> 7
4 -> 1 -> 25 -> 24 -> 23 -> 22 -> 21 -> 20 -> 19 -> 18 -> 17 -> 16 -> 15 -> 14 -> 13 -> 12 -> 11 -> 10 -> 9 -> 7 -> 6 -> 5 -> 3 -> 2 -> 8
4 -> 1 -> 25 -> 24 -> 23 -> 22 -> 21 -> 20 -> 19 -> 18 -> 17 -> 16 -> 15 -> 14 -> 13 -> 12 -> 11 -> 10 -> 8 -> 7 -> 6 -> 5 -> 3 -> 2 -> 9
4 -> 1 -> 25 -> 24 -> 23 -> 22 -> 21 -> 20 -> 19 -> 18 -> 17 -> 16 -> 15 -> 14 -> 13 -> 12 -> 11 -> 9 -> 8 -> 7 -> 6 -> 5 -> 3 -> 2 -> 10
4 -> 1 -> 25 -> 24 -> 23 -> 22 -> 21 -> 20 -> 19 -> 18 -> 17 -> 16 -> 15 -> 14 -> 13 -> 12 -> 10 -> 9 -> 8 -> 7 -> 6 -> 5 -> 3 -> 2 -> 11
4 -> 1 -> 25 -> 24 -> 23 -> 22 -> 21 -> 20 -> 19 -> 18 -> 17 -> 16 -> 15 -> 14 -> 13 -> 11 -> 10 -> 9 -> 8 -> 7 -> 6 -> 5 -> 3 -> 2 -> 12
4 -> 1 -> 25 -> 24 -> 23 -> 22 -> 21 -> 20 -> 19 -> 18 -> 17 -> 16 -> 15 -> 14 -> 12 -> 11 -> 10 -> 9 -> 8 -> 7 -> 6 -> 5 -> 3 -> 2 -> 13
4 -> 1 -> 25 -> 24 -> 23 -> 22 -> 21 -> 20 -> 19 -> 18 -> 17 -> 16 -> 15 -> 13 -> 12 -> 11 -> 10 -> 9 -> 8 -> 7 -> 6 -> 5 -> 3 -> 2 -> 14
4 -> 1 -> 25 -> 24 -> 23 -> 22 -> 21 -> 20 -> 19 -> 18 -> 17 -> 16 -> 14 -> 13 -> 12 -> 11 -> 10 -> 9 -> 8 -> 7 -> 6 -> 5 -> 3 -> 2 -> 15
4 -> 1 -> 25 -> 24 -> 23 -> 22 -> 21 -> 20 -> 19 -> 18 -> 17 -> 15 -> 14 -> 13 -> 12 -> 11 -> 10 -> 9 -> 8 -> 7 -> 6 -> 5 -> 3 -> 2 -> 16
4 -> 1 -> 25 -> 24 -> 23 -> 22 -> 21 -> 20 -> 19 -> 18 -> 16 -> 15 -> 14 -> 13 -> 12 -> 11 -> 10 -> 9 -> 8 -> 7 -> 6 -> 5 -> 3 -> 2 -> 17
4 -> 1 -> 25 -> 24 -> 23 -> 22 -> 21 -> 20 -> 19 -> 17 -> 16 -> 15 -> 14 -> 13 -> 12 -> 11 -> 10 -> 9 -> 8 -> 7 -> 6 -> 5 -> 3 -> 2 -> 18
4 -> 1 -> 25 -> 24 -> 23 -> 22 -> 21 -> 20 -> 18 -> 17 -> 16 -> 15 -> 14 -> 13 -> 12 -> 11 -> 10 -> 9 -> 8 -> 7 -> 6 -> 5 -> 3 -> 2 -> 19
4 -> 1 -> 25 -> 24 -> 23 -> 22 -> 21 -> 19 -> 18 -> 17 -> 16 -> 15 -> 14 -> 13 -> 12 -> 11 -> 10 -> 9 -> 8 -> 7 -> 6 -> 5 -> 3 -> 2 -> 20
4 -> 1 -> 25 -> 24 -> 23 -> 22 -> 20 -> 19 -> 18 -> 17 -> 16 -> 15 -> 14 -> 13 -> 12 -> 11 -> 10 -> 9 -> 8 -> 7 -> 6 -> 5 -> 3 -> 2 -> 21
4 -> 1 -> 25 -> 24 -> 23 -> 21 -> 20 -> 19 -> 18 -> 17 -> 16 -> 15 -> 14 -> 13 -> 12 -> 11 -> 10 -> 9 -> 8 -> 7 -> 6 -> 5 -> 3 -> 2 -> 22
4 -> 1 -> 25 -> 24 -> 22 -> 21 -> 20 -> 19 -> 18 -> 17 -> 16 -> 15 -> 14 -> 13 -> 12 -> 11 -> 10 -> 9 -> 8 -> 7 -> 6 -> 5 -> 3 -> 2 -> 23
4 -> 1 -> 25 -> 23 -> 22 -> 21 -> 20 -> 19 -> 18 -> 17 -> 16 -> 15 -> 14 -> 13 -> 12 -> 11 -> 10 -> 9 -> 8 -> 7 -> 6 -> 5 -> 3 -> 2 -> 24
4 -> 1 -> 24 -> 23 -> 22 -> 21 -> 20 -> 19 -> 18 -> 17 -> 16 -> 15 -> 14 -> 13 -> 12 -> 11 -> 10 -> 9 -> 8 -> 7 -> 6 -> 5 -> 3 -> 2 -> 25
5 -> 1 -> 25 -> 24 -> 23 -> 22 -> 21 -> 20 -> 19 -> 18 -> 17 -> 16 -> 15 -> 14 -> 13 -> 12 -> 11 -> 10 -> 9 -> 8 -> 7 -> 6 -> 4 -> 3 -> 2
5 -> 1 -> 25 -> 24 -> 23 -> 22 -> 21 -> 20 -> 19 -> 18 -> 17 -> 16 -> 15 -> 14 -> 13 -> 12 -> 11 -> 10 -> 9 -> 8 -> 7 -> 6 -> 4 -> 2 -> 3
5 -> 1 -> 25 -> 24 -> 23 -> 22 -> 21 -> 20 -> 19 -> 18 -> 17 -> 16 -> 15 -> 14 -> 13 -> 12 -> 11 -> 10 -> 9 -> 8 -> 7 -> 6 -> 3 -> 2 -> 4
5 -> 1 -> 25 -> 24 -> 23 -> 22 -> 21 -> 20 -> 19 -> 18 -> 17 -> 16 -> 15 -> 14 -> 13 -> 12 -> 11 -> 10 -> 9 -> 8 -> 7 -> 4 -> 3 -> 2 -> 6
5 -> 1 -> 25 -> 24 -> 23 -> 22 -> 21 -> 20 -> 19 -> 18 -> 17 -> 16 -> 15 -> 14 -> 13 -> 12 -> 11 -> 10 -> 9 -> 8 -> 6 -> 4 -> 3 -> 2 -> 7
5 -> 1 -> 25 -> 24 -> 23 -> 22 -> 21 -> 20 -> 19 -> 18 -> 17 -> 16 -> 15 -> 14 -> 13 -> 12 -> 11 -> 10 -> 9 -> 7 -> 6 -> 4 -> 3 -> 2 -> 8
5 -> 1 -> 25 -> 24 -> 23 -> 22 -> 21 -> 20 -> 19 -> 18 -> 17 -> 16 -> 15 -> 14 -> 13 -> 12 -> 11 -> 10 -> 8 -> 7 -> 6 -> 4 -> 3 -> 2 -> 9
5 -> 1 -> 25 -> 24 -> 23 -> 22 -> 21 -> 20 -> 19 -> 18 -> 17 -> 16 -> 15 -> 14 -> 13 -> 12 -> 11 -> 9 -> 8 -> 7 -> 6 -> 4 -> 3 -> 2 -> 10
5 -> 1 -> 25 -> 24 -> 23 -> 22 -> 21 -> 20 -> 19 -> 18 -> 17 -> 16 -> 15 -> 14 -> 13 -> 12 -> 10 -> 9 -> 8 -> 7 -> 6 -> 4 -> 3 -> 2 -> 11
5 -> 1 -> 25 -> 24 -> 23 -> 22 -> 21 -> 20 -> 19 -> 18 -> 17 -> 16 -> 15 -> 14 -> 13 -> 11 -> 10 -> 9 -> 8 -> 7 -> 6 -> 4 -> 3 -> 2 -> 12
5 -> 1 -> 25 -> 24 -> 23 -> 22 -> 21 -> 20 -> 19 -> 18 -> 17 -> 16 -> 15 -> 14 -> 12 -> 11 -> 10 -> 9 -> 8 -> 7 -> 6 -> 4 -> 3 -> 2 -> 13
5 -> 1 -> 25 -> 24 -> 23 -> 22 -> 21 -> 20 -> 19 -> 18 -> 17 -> 16 -> 15 -> 13 -> 12 -> 11 -> 10 -> 9 -> 8 -> 7 -> 6 -> 4 -> 3 -> 2 -> 14
5 -> 1 -> 25 -> 24 -> 23 -> 22 -> 21 -> 20 -> 19 -> 18 -> 17 -> 16 -> 14 -> 13 -> 12 -> 11 -> 10 -> 9 -> 8 -> 7 -> 6 -> 4 -> 3 -> 2 -> 15
5 -> 1 -> 25 -> 24 -> 23 -> 22 -> 21 -> 20 -> 19 -> 18 -> 17 -> 15 -> 14 -> 13 -> 12 -> 11 -> 10 -> 9 -> 8 -> 7 -> 6 -> 4 -> 3 -> 2 -> 16
5 -> 1 -> 25 -> 24 -> 23 -> 22 -> 21 -> 20 -> 19 -> 18 -> 16 -> 15 -> 14 -> 13 -> 12 -> 11 -> 10 -> 9 -> 8 -> 7 -> 6 -> 4 -> 3 -> 2 -> 17
5 -> 1 -> 25 -> 24 -> 23 -> 22 -> 21 -> 20 -> 19 -> 17 -> 16 -> 15 -> 14 -> 13 -> 12 -> 11 -> 10 -> 9 -> 8 -> 7 -> 6 -> 4 -> 3 -> 2 -> 18
5 -> 1 -> 25 -> 24 -> 23 -> 22 -> 21 -> 20 -> 18 -> 17 -> 16 -> 15 -> 14 -> 13 -> 12 -> 11 -> 10 -> 9 -> 8 -> 7 -> 6 -> 4 -> 3 -> 2 -> 19
5 -> 1 -> 25 -> 24 -> 23 -> 22 -> 21 -> 19 -> 18 -> 17 -> 16 -> 15 -> 14 -> 13 -> 12 -> 11 -> 10 -> 9 -> 8 -> 7 -> 6 -> 4 -> 3 -> 2 -> 20
5 -> 1 -> 25 -> 24 -> 23 -> 22 -> 20 -> 19 -> 18 -> 17 -> 16 -> 15 -> 14 -> 13 -> 12 -> 11 -> 10 -> 9 -> 8 -> 7 -> 6 -> 4 -> 3 -> 2 -> 21
5 -> 1 -> 25 -> 24 -> 23 -> 21 -> 20 -> 19 -> 18 -> 17 -> 16 -> 15 -> 14 -> 13 -> 12 -> 11 -> 10 -> 9 -> 8 -> 7 -> 6 -> 4 -> 3 -> 2 -> 22
5 -> 1 -> 25 -> 24 -> 22 -> 21 -> 20 -> 19 -> 18 -> 17 -> 16 -> 15 -> 14 -> 13 -> 12 -> 11 -> 10 -> 9 -> 8 -> 7 -> 6 -> 4 -> 3 -> 2 -> 23
5 -> 1 -> 25 -> 23 -> 22 -> 21 -> 20 -> 19 -> 18 -> 17 -> 16 -> 15 -> 14 -> 13 -> 12 -> 11 -> 10 -> 9 -> 8 -> 7 -> 6 -> 4 -> 3 -> 2 -> 24
5 -> 1 -> 24 -> 23 -> 22 -> 21 -> 20 -> 19 -> 18 -> 17 -> 16 -> 15 -> 14 -> 13 -> 12 -> 11 -> 10 -> 9 -> 8 -> 7 -> 6 -> 4 -> 3 -> 2 -> 25
6 -> 1 -> 25 -> 24 -> 23 -> 22 -> 21 -> 20 -> 19 -> 18 -> 17 -> 16 -> 15 -> 14 -> 13 -> 12 -> 11 -> 10 -> 9 -> 8 -> 7 -> 5 -> 4 -> 3 -> 2
6 -> 1 -> 25 -> 24 -> 23 -> 22 -> 21 -> 20 -> 19 -> 18 -> 17 -> 16 -> 15 -> 14 -> 13 -> 12 -> 11 -> 10 -> 9 -> 8 -> 7 -> 5 -> 4 -> 2 -> 3
6 -> 1 -> 25 -> 24 -> 23 -> 22 -> 21 -> 20 -> 19 -> 18 -> 17 -> 16 -> 15 -> 14 -> 13 -> 12 -> 11 -> 10 -> 9 -> 8 -> 7 -> 5 -> 3 -> 2 -> 4
6 -> 1 -> 25 -> 24 -> 23 -> 22 -> 21 -> 20 -> 19 -> 18 -> 17 -> 16 -> 15 -> 14 -> 13 -> 12 -> 11 -> 10 -> 9 -> 8 -> 7 -> 4 -> 3 -> 2 -> 5
6 -> 1 -> 25 -> 24 -> 23 -> 22 -> 21 -> 20 -> 19 -> 18 -> 17 -> 16 -> 15 -> 14 -> 13 -> 12 -> 11 -> 10 -> 9 -> 8 -> 5 -> 4 -> 3 -> 2 -> 7
6 -> 1 -> 25 -> 24 -> 23 -> 22 -> 21 -> 20 -> 19 -> 18 -> 17 -> 16 -> 15 -> 14 -> 13 -> 12 -> 11 -> 10 -> 9 -> 7 -> 5 -> 4 -> 3 -> 2 -> 8
6 -> 1 -> 25 -> 24 -> 23 -> 22 -> 21 -> 20 -> 19 -> 18 -> 17 -> 16 -> 15 -> 14 -> 13 -> 12 -> 11 -> 10 -> 8 -> 7 -> 5 -> 4 -> 3 -> 2 -> 9
6 -> 1 -> 25 -> 24 -> 23 -> 22 -> 21 -> 20 -> 19 -> 18 -> 17 -> 16 -> 15 -> 14 -> 13 -> 12 -> 11 -> 9 -> 8 -> 7 -> 5 -> 4 -> 3 -> 2 -> 10
6 -> 1 -> 25 -> 24 -> 23 -> 22 -> 21 -> 20 -> 19 -> 18 -> 17 -> 16 -> 15 -> 14 -> 13 -> 12 -> 10 -> 9 -> 8 -> 7 -> 5 -> 4 -> 3 -> 2 -> 11
6 -> 1 -> 25 -> 24 -> 23 -> 22 -> 21 -> 20 -> 19 -> 18 -> 17 -> 16 -> 15 -> 14 -> 13 -> 11 -> 10 -> 9 -> 8 -> 7 -> 5 -> 4 -> 3 -> 2 -> 12
6 -> 1 -> 25 -> 24 -> 23 -> 22 -> 21 -> 20 -> 19 -> 18 -> 17 -> 16 -> 15 -> 14 -> 12 -> 11 -> 10 -> 9 -> 8 -> 7 -> 5 -> 4 -> 3 -> 2 -> 13
6 -> 1 -> 25 -> 24 -> 23 -> 22 -> 21 -> 20 -> 19 -> 18 -> 17 -> 16 -> 15 -> 13 -> 12 -> 11 -> 10 -> 9 -> 8 -> 7 -> 5 -> 4 -> 3 -> 2 -> 14
6 -> 1 -> 25 -> 24 -> 23 -> 22 -> 21 -> 20 -> 19 -> 18 -> 17 -> 16 -> 14 -> 13 -> 12 -> 11 -> 10 -> 9 -> 8 -> 7 -> 5 -> 4 -> 3 -> 2 -> 15
6 -> 1 -> 25 -> 24 -> 23 -> 22 -> 21 -> 20 -> 19 -> 18 -> 17 -> 15 -> 14 -> 13 -> 12 -> 11 -> 10 -> 9 -> 8 -> 7 -> 5 -> 4 -> 3 -> 2 -> 16
6 -> 1 -> 25 -> 24 -> 23 -> 22 -> 21 -> 20 -> 19 -> 18 -> 16 -> 15 -> 14 -> 13 -> 12 -> 11 -> 10 -> 9 -> 8 -> 7 -> 5 -> 4 -> 3 -> 2 -> 17
6 -> 1 -> 25 -> 24 -> 23 -> 22 -> 21 -> 20 -> 19 -> 17 -> 16 -> 15 -> 14 -> 13 -> 12 -> 11 -> 10 -> 9 -> 8 -> 7 -> 5 -> 4 -> 3 -> 2 -> 18
6 -> 1 -> 25 -> 24 -> 23 -> 22 -> 21 -> 20 -> 18 -> 17 -> 16 -> 15 -> 14 -> 13 -> 12 -> 11 -> 10 -> 9 -> 8 -> 7 -> 5 -> 4 -> 3 -> 2 -> 19
6 -> 1 -> 25 -> 24 -> 23 -> 22 -> 21 -> 19 -> 18 -> 17 -> 16 -> 15 -> 14 -> 13 -> 12 -> 11 -> 10 -> 9 -> 8 -> 7 -> 5 -> 4 -> 3 -> 2 -> 20
6 -> 1 -> 25 -> 24 -> 23 -> 22 -> 20 -> 19 -> 18 -> 17 -> 16 -> 15 -> 14 -> 13 -> 12 -> 11 -> 10 -> 9 -> 8 -> 7 -> 5 -> 4 -> 3 -> 2 -> 21
6 -> 1 -> 25 -> 24 -> 23 -> 21 -> 20 -> 19 -> 18 -> 17 -> 16 -> 15 -> 14 -> 13 -> 12 -> 11 -> 10 -> 9 -> 8 -> 7 -> 5 -> 4 -> 3 -> 2 -> 22
6 -> 1 -> 25 -> 24 -> 22 -> 21 -> 20 -> 19 -> 18 -> 17 -> 16 -> 15 -> 14 -> 13 -> 12 -> 11 -> 10 -> 9 -> 8 -> 7 -> 5 -> 4 -> 3 -> 2 -> 23
6 -> 1 -> 25 -> 23 -> 22 -> 21 -> 20 -> 19 -> 18 -> 17 -> 16 -> 15 -> 14 -> 13 -> 12 -> 11 -> 10 -> 9 -> 8 -> 7 -> 5 -> 4 -> 3 -> 2 -> 24
6 -> 1 -> 24 -> 23 -> 22 -> 21 -> 20 -> 19 -> 18 -> 17 -> 16 -> 15 -> 14 -> 13 -> 12 -> 11 -> 10 -> 9 -> 8 -> 7 -> 5 -> 4 -> 3 -> 2 -> 25
7 -> 1 -> 25 -> 24 -> 23 -> 22 -> 21 -> 20 -> 19 -> 18 -> 17 -> 16 -> 15 -> 14 -> 13 -> 12 -> 11 -> 10 -> 9 -> 8 -> 6 -> 5 -> 4 -> 3 -> 2
7 -> 1 -> 25 -> 24 -> 23 -> 22 -> 21 -> 20 -> 19 -> 18 -> 17 -> 16 -> 15 -> 14 -> 13 -> 12 -> 11 -> 10 -> 9 -> 8 -> 6 -> 5 -> 4 -> 2 -> 3
7 -> 1 -> 25 -> 24 -> 23 -> 22 -> 21 -> 20 -> 19 -> 18 -> 17 -> 16 -> 15 -> 14 -> 13 -> 12 -> 11 -> 10 -> 9 -> 8 -> 6 -> 5 -> 3 -> 2 -> 4
7 -> 1 -> 25 -> 24 -> 23 -> 22 -> 21 -> 20 -> 19 -> 18 -> 17 -> 16 -> 15 -> 14 -> 13 -> 12 -> 11 -> 10 -> 9 -> 8 -> 6 -> 4 -> 3 -> 2 -> 5
7 -> 1 -> 25 -> 24 -> 23 -> 22 -> 21 -> 20 -> 19 -> 18 -> 17 -> 16 -> 15 -> 14 -> 13 -> 12 -> 11 -> 10 -> 9 -> 8 -> 5 -> 4 -> 3 -> 2 -> 6
7 -> 1 -> 25 -> 24 -> 23 -> 22 -> 21 -> 20 -> 19 -> 18 -> 17 -> 16 -> 15 -> 14 -> 13 -> 12 -> 11 -> 10 -> 9 -> 6 -> 5 -> 4 -> 3 -> 2 -> 8
7 -> 1 -> 25 -> 24 -> 23 -> 22 -> 21 -> 20 -> 19 -> 18 -> 17 -> 16 -> 15 -> 14 -> 13 -> 12 -> 11 -> 10 -> 8 -> 6 -> 5 -> 4 -> 3 -> 2 -> 9
7 -> 1 -> 25 -> 24 -> 23 -> 22 -> 21 -> 20 -> 19 -> 18 -> 17 -> 16 -> 15 -> 14 -> 13 -> 12 -> 11 -> 9 -> 8 -> 6 -> 5 -> 4 -> 3 -> 2 -> 10
7 -> 1 -> 25 -> 24 -> 23 -> 22 -> 21 -> 20 -> 19 -> 18 -> 17 -> 16 -> 15 -> 14 -> 13 -> 12 -> 10 -> 9 -> 8 -> 6 -> 5 -> 4 -> 3 -> 2 -> 11
7 -> 1 -> 25 -> 24 -> 23 -> 22 -> 21 -> 20 -> 19 -> 18 -> 17 -> 16 -> 15 -> 14 -> 13 -> 11 -> 10 -> 9 -> 8 -> 6 -> 5 -> 4 -> 3 -> 2 -> 12
7 -> 1 -> 25 -> 24 -> 23 -> 22 -> 21 -> 20 -> 19 -> 18 -> 17 -> 16 -> 15 -> 14 -> 12 -> 11 -> 10 -> 9 -> 8 -> 6 -> 5 -> 4 -> 3 -> 2 -> 13
7 -> 1 -> 25 -> 24 -> 23 -> 22 -> 21 -> 20 -> 19 -> 18 -> 17 -> 16 -> 15 -> 13 -> 12 -> 11 -> 10 -> 9 -> 8 -> 6 -> 5 -> 4 -> 3 -> 2 -> 14
7 -> 1 -> 25 -> 24 -> 23 -> 22 -> 21 -> 20 -> 19 -> 18 -> 17 -> 16 -> 14 -> 13 -> 12 -> 11 -> 10 -> 9 -> 8 -> 6 -> 5 -> 4 -> 3 -> 2 -> 15
7 -> 1 -> 25 -> 24 -> 23 -> 22 -> 21 -> 20 -> 19 -> 18 -> 17 -> 15 -> 14 -> 13 -> 12 -> 11 -> 10 -> 9 -> 8 -> 6 -> 5 -> 4 -> 3 -> 2 -> 16
7 -> 1 -> 25 -> 24 -> 23 -> 22 -> 21 -> 20 -> 19 -> 18 -> 16 -> 15 -> 14 -> 13 -> 12 -> 11 -> 10 -> 9 -> 8 -> 6 -> 5 -> 4 -> 3 -> 2 -> 17
7 -> 1 -> 25 -> 24 -> 23 -> 22 -> 21 -> 20 -> 19 -> 17 -> 16 -> 15 -> 14 -> 13 -> 12 -> 11 -> 10 -> 9 -> 8 -> 6 -> 5 -> 4 -> 3 -> 2 -> 18
7 -> 1 -> 25 -> 24 -> 23 -> 22 -> 21 -> 20 -> 18 -> 17 -> 16 -> 15 -> 14 -> 13 -> 12 -> 11 -> 10 -> 9 -> 8 -> 6 -> 5 -> 4 -> 3 -> 2 -> 19
7 -> 1 -> 25 -> 24 -> 23 -> 22 -> 21 -> 19 -> 18 -> 17 -> 16 -> 15 -> 14 -> 13 -> 12 -> 11 -> 10 -> 9 -> 8 -> 6 -> 5 -> 4 -> 3 -> 2 -> 20
7 -> 1 -> 25 -> 24 -> 23 -> 22 -> 20 -> 19 -> 18 -> 17 -> 16 -> 15 -> 14 -> 13 -> 12 -> 11 -> 10 -> 9 -> 8 -> 6 -> 5 -> 4 -> 3 -> 2 -> 21
7 -> 1 -> 25 -> 24 -> 23 -> 21 -> 20 -> 19 -> 18 -> 17 -> 16 -> 15 -> 14 -> 13 -> 12 -> 11 -> 10 -> 9 -> 8 -> 6 -> 5 -> 4 -> 3 -> 2 -> 22
7 -> 1 -> 25 -> 24 -> 22 -> 21 -> 20 -> 19 -> 18 -> 17 -> 16 -> 15 -> 14 -> 13 -> 12 -> 11 -> 10 -> 9 -> 8 -> 6 -> 5 -> 4 -> 3 -> 2 -> 23
7 -> 1 -> 25 -> 23 -> 22 -> 21 -> 20 -> 19 -> 18 -> 17 -> 16 -> 15 -> 14 -> 13 -> 12 -> 11 -> 10 -> 9 -> 8 -> 6 -> 5 -> 4 -> 3 -> 2 -> 24
7 -> 1 -> 24 -> 23 -> 22 -> 21 -> 20 -> 19 -> 18 -> 17 -> 16 -> 15 -> 14 -> 13 -> 12 -> 11 -> 10 -> 9 -> 8 -> 6 -> 5 -> 4 -> 3 -> 2 -> 25
8 -> 1 -> 25 -> 24 -> 23 -> 22 -> 21 -> 20 -> 19 -> 18 -> 17 -> 16 -> 15 -> 14 -> 13 -> 12 -> 11 -> 10 -> 9 -> 7 -> 6 -> 5 -> 4 -> 3 -> 2
8 -> 1 -> 25 -> 24 -> 23 -> 22 -> 21 -> 20 -> 19 -> 18 -> 17 -> 16 -> 15 -> 14 -> 13 -> 12 -> 11 -> 10 -> 9 -> 7 -> 6 -> 5 -> 4 -> 2 -> 3
8 -> 1 -> 25 -> 24 -> 23 -> 22 -> 21 -> 20 -> 19 -> 18 -> 17 -> 16 -> 15 -> 14 -> 13 -> 12 -> 11 -> 10 -> 9 -> 7 -> 6 -> 5 -> 3 -> 2 -> 4
8 -> 1 -> 25 -> 24 -> 23 -> 22 -> 21 -> 20 -> 19 -> 18 -> 17 -> 16 -> 15 -> 14 -> 13 -> 12 -> 11 -> 10 -> 9 -> 7 -> 6 -> 4 -> 3 -> 2 -> 5
8 -> 1 -> 25 -> 24 -> 23 -> 22 -> 21 -> 20 -> 19 -> 18 -> 17 -> 16 -> 15 -> 14 -> 13 -> 12 -> 11 -> 10 -> 9 -> 7 -> 5 -> 4 -> 3 -> 2 -> 6
8 -> 1 -> 25 -> 24 -> 23 -> 22 -> 21 -> 20 -> 19 -> 18 -> 17 -> 16 -> 15 -> 14 -> 13 -> 12 -> 11 -> 10 -> 9 -> 6 -> 5 -> 4 -> 3 -> 2 -> 7
8 -> 1 -> 25 -> 24 -> 23 -> 22 -> 21 -> 20 -> 19 -> 18 -> 17 -> 16 -> 15 -> 14 -> 13 -> 12 -> 11 -> 10 -> 7 -> 6 -> 5 -> 4 -> 3 -> 2 -> 9
8 -> 1 -> 25 -> 24 -> 23 -> 22 -> 21 -> 20 -> 19 -> 18 -> 17 -> 16 -> 15 -> 14 -> 13 -> 12 -> 11 -> 9 -> 7 -> 6 -> 5 -> 4 -> 3 -> 2 -> 10
8 -> 1 -> 25 -> 24 -> 23 -> 22 -> 21 -> 20 -> 19 -> 18 -> 17 -> 16 -> 15 -> 14 -> 13 -> 12 -> 10 -> 9 -> 7 -> 6 -> 5 -> 4 -> 3 -> 2 -> 11
8 -> 1 -> 25 -> 24 -> 23 -> 22 -> 21 -> 20 -> 19 -> 18 -> 17 -> 16 -> 15 -> 14 -> 13 -> 11 -> 10 -> 9 -> 7 -> 6 -> 5 -> 4 -> 3 -> 2 -> 12
8 -> 1 -> 25 -> 24 -> 23 -> 22 -> 21 -> 20 -> 19 -> 18 -> 17 -> 16 -> 15 -> 14 -> 12 -> 11 -> 10 -> 9 -> 7 -> 6 -> 5 -> 4 -> 3 -> 2 -> 13
8 -> 1 -> 25 -> 24 -> 23 -> 22 -> 21 -> 20 -> 19 -> 18 -> 17 -> 16 -> 15 -> 13 -> 12 -> 11 -> 10 -> 9 -> 7 -> 6 -> 5 -> 4 -> 3 -> 2 -> 14
8 -> 1 -> 25 -> 24 -> 23 -> 22 -> 21 -> 20 -> 19 -> 18 -> 17 -> 16 -> 14 -> 13 -> 12 -> 11 -> 10 -> 9 -> 7 -> 6 -> 5 -> 4 -> 3 -> 2 -> 15
8 -> 1 -> 25 -> 24 -> 23 -> 22 -> 21 -> 20 -> 19 -> 18 -> 17 -> 15 -> 14 -> 13 -> 12 -> 11 -> 10 -> 9 -> 7 -> 6 -> 5 -> 4 -> 3 -> 2 -> 16
8 -> 1 -> 25 -> 24 -> 23 -> 22 -> 21 -> 20 -> 19 -> 18 -> 16 -> 15 -> 14 -> 13 -> 12 -> 11 -> 10 -> 9 -> 7 -> 6 -> 5 -> 4 -> 3 -> 2 -> 17
8 -> 1 -> 25 -> 24 -> 23 -> 22 -> 21 -> 20 -> 19 -> 17 -> 16 -> 15 -> 14 -> 13 -> 12 -> 11 -> 10 -> 9 -> 7 -> 6 -> 5 -> 4 -> 3 -> 2 -> 18
8 -> 1 -> 25 -> 24 -> 23 -> 22 -> 21 -> 20 -> 18 -> 17 -> 16 -> 15 -> 14 -> 13 -> 12 -> 11 -> 10 -> 9 -> 7 -> 6 -> 5 -> 4 -> 3 -> 2 -> 19
8 -> 1 -> 25 -> 24 -> 23 -> 22 -> 21 -> 19 -> 18 -> 17 -> 16 -> 15 -> 14 -> 13 -> 12 -> 11 -> 10 -> 9 -> 7 -> 6 -> 5 -> 4 -> 3 -> 2 -> 20
8 -> 1 -> 25 -> 24 -> 23 -> 22 -> 20 -> 19 -> 18 -> 17 -> 16 -> 15 -> 14 -> 13 -> 12 -> 11 -> 10 -> 9 -> 7 -> 6 -> 5 -> 4 -> 3 -> 2 -> 21
8 -> 1 -> 25 -> 24 -> 23 -> 21 -> 20 -> 19 -> 18 -> 17 -> 16 -> 15 -> 14 -> 13 -> 12 -> 11 -> 10 -> 9 -> 7 -> 6 -> 5 -> 4 -> 3 -> 2 -> 22
8 -> 1 -> 25 -> 24 -> 22 -> 21 -> 20 -> 19 -> 18 -> 17 -> 16 -> 15 -> 14 -> 13 -> 12 -> 11 -> 10 -> 9 -> 7 -> 6 -> 5 -> 4 -> 3 -> 2 -> 23
8 -> 1 -> 25 -> 23 -> 22 -> 21 -> 20 -> 19 -> 18 -> 17 -> 16 -> 15 -> 14 -> 13 -> 12 -> 11 -> 10 -> 9 -> 7 -> 6 -> 5 -> 4 -> 3 -> 2 -> 24
8 -> 1 -> 24 -> 23 -> 22 -> 21 -> 20 -> 19 -> 18 -> 17 -> 16 -> 15 -> 14 -> 13 -> 12 -> 11 -> 10 -> 9 -> 7 -> 6 -> 5 -> 4 -> 3 -> 2 -> 25
9 -> 1 -> 25 -> 24 -> 23 -> 22 -> 21 -> 20 -> 19 -> 18 -> 17 -> 16 -> 15 -> 14 -> 13 -> 12 -> 11 -> 10 -> 8 -> 7 -> 6 -> 5 -> 4 -> 3 -> 2
9 -> 1 -> 25 -> 24 -> 23 -> 22 -> 21 -> 20 -> 19 -> 18 -> 17 -> 16 -> 15 -> 14 -> 13 -> 12 -> 11 -> 10 -> 8 -> 7 -> 6 -> 5 -> 4 -> 2 -> 3
9 -> 1 -> 25 -> 24 -> 23 -> 22 -> 21 -> 20 -> 19 -> 18 -> 17 -> 16 -> 15 -> 14 -> 13 -> 12 -> 11 -> 10 -> 8 -> 7 -> 6 -> 5 -> 3 -> 2 -> 4
9 -> 1 -> 25 -> 24 -> 23 -> 22 -> 21 -> 20 -> 19 -> 18 -> 17 -> 16 -> 15 -> 14 -> 13 -> 12 -> 11 -> 10 -> 8 -> 7 -> 6 -> 4 -> 3 -> 2 -> 5
9 -> 1 -> 25 -> 24 -> 23 -> 22 -> 21 -> 20 -> 19 -> 18 -> 17 -> 16 -> 15 -> 14 -> 13 -> 12 -> 11 -> 10 -> 8 -> 7 -> 5 -> 4 -> 3 -> 2 -> 6
9 -> 1 -> 25 -> 24 -> 23 -> 22 -> 21 -> 20 -> 19 -> 18 -> 17 -> 16 -> 15 -> 14 -> 13 -> 12 -> 11 -> 10 -> 8 -> 6 -> 5 -> 4 -> 3 -> 2 -> 7
9 -> 1 -> 25 -> 24 -> 23 -> 22 -> 21 -> 20 -> 19 -> 18 -> 17 -> 16 -> 15 -> 14 -> 13 -> 12 -> 11 -> 10 -> 7 -> 6 -> 5 -> 4 -> 3 -> 2 -> 8
9 -> 1 -> 25 -> 24 -> 23 -> 22 -> 21 -> 20 -> 19 -> 18 -> 17 -> 16 -> 15 -> 14 -> 13 -> 12 -> 11 -> 8 -> 7 -> 6 -> 5 -> 4 -> 3 -> 2 -> 10
9 -> 1 -> 25 -> 24 -> 23 -> 22 -> 21 -> 20 -> 19 -> 18 -> 17 -> 16 -> 15 -> 14 -> 13 -> 12 -> 10 -> 8 -> 7 -> 6 -> 5 -> 4 -> 3 -> 2 -> 11
9 -> 1 -> 25 -> 24 -> 23 -> 22 -> 21 -> 20 -> 19 -> 18 -> 17 -> 16 -> 15 -> 14 -> 13 -> 11 -> 10 -> 8 -> 7 -> 6 -> 5 -> 4 -> 3 -> 2 -> 12
9 -> 1 -> 25 -> 24 -> 23 -> 22 -> 21 -> 20 -> 19 -> 18 -> 17 -> 16 -> 15 -> 14 -> 12 -> 11 -> 10 -> 8 -> 7 -> 6 -> 5 -> 4 -> 3 -> 2 -> 13
9 -> 1 -> 25 -> 24 -> 23 -> 22 -> 21 -> 20 -> 19 -> 18 -> 17 -> 16 -> 15 -> 13 -> 12 -> 11 -> 10 -> 8 -> 7 -> 6 -> 5 -> 4 -> 3 -> 2 -> 14
9 -> 1 -> 25 -> 24 -> 23 -> 22 -> 21 -> 20 -> 19 -> 18 -> 17 -> 16 -> 14 -> 13 -> 12 -> 11 -> 10 -> 8 -> 7 -> 6 -> 5 -> 4 -> 3 -> 2 -> 15
9 -> 1 -> 25 -> 24 -> 23 -> 22 -> 21 -> 20 -> 19 -> 18 -> 17 -> 15 -> 14 -> 13 -> 12 -> 11 -> 10 -> 8 -> 7 -> 6 -> 5 -> 4 -> 3 -> 2 -> 16
9 -> 1 -> 25 -> 24 -> 23 -> 22 -> 21 -> 20 -> 19 -> 18 -> 16 -> 15 -> 14 -> 13 -> 12 -> 11 -> 10 -> 8 -> 7 -> 6 -> 5 -> 4 -> 3 -> 2 -> 17
9 -> 1 -> 25 -> 24 -> 23 -> 22 -> 21 -> 20 -> 19 -> 17 -> 16 -> 15 -> 14 -> 13 -> 12 -> 11 -> 10 -> 8 -> 7 -> 6 -> 5 -> 4 -> 3 -> 2 -> 18
9 -> 1 -> 25 -> 24 -> 23 -> 22 -> 21 -> 20 -> 18 -> 17 -> 16 -> 15 -> 14 -> 13 -> 12 -> 11 -> 10 -> 8 -> 7 -> 6 -> 5 -> 4 -> 3 -> 2 -> 19
9 -> 1 -> 25 -> 24 -> 23 -> 22 -> 21 -> 19 -> 18 -> 17 -> 16 -> 15 -> 14 -> 13 -> 12 -> 11 -> 10 -> 8 -> 7 -> 6 -> 5 -> 4 -> 3 -> 2 -> 20
9 -> 1 -> 25 -> 24 -> 23 -> 22 -> 20 -> 19 -> 18 -> 17 -> 16 -> 15 -> 14 -> 13 -> 12 -> 11 -> 10 -> 8 -> 7 -> 6 -> 5 -> 4 -> 3 -> 2 -> 21
9 -> 1 -> 25 -> 24 -> 23 -> 21 -> 20 -> 19 -> 18 -> 17 -> 16 -> 15 -> 14 -> 13 -> 12 -> 11 -> 10 -> 8 -> 7 -> 6 -> 5 -> 4 -> 3 -> 2 -> 22
9 -> 1 -> 25 -> 24 -> 22 -> 21 -> 20 -> 19 -> 18 -> 17 -> 16 -> 15 -> 14 -> 13 -> 12 -> 11 -> 10 -> 8 -> 7 -> 6 -> 5 -> 4 -> 3 -> 2 -> 23
9 -> 1 -> 25 -> 23 -> 22 -> 21 -> 20 -> 19 -> 18 -> 17 -> 16 -> 15 -> 14 -> 13 -> 12 -> 11 -> 10 -> 8 -> 7 -> 6 -> 5 -> 4 -> 3 -> 2 -> 24
9 -> 1 -> 24 -> 23 -> 22 -> 21 -> 20 -> 19 -> 18 -> 17 -> 16 -> 15 -> 14 -> 13 -> 12 -> 11 -> 10 -> 8 -> 7 -> 6 -> 5 -> 4 -> 3 -> 2 -> 25
10 -> 1 -> 25 -> 24 -> 23 -> 22 -> 21 -> 20 -> 19 -> 18 -> 17 -> 16 -> 15 -> 14 -> 13 -> 12 -> 11 -> 9 -> 8 -> 7 -> 6 -> 5 -> 4 -> 3 -> 2
10 -> 1 -> 25 -> 24 -> 23 -> 22 -> 21 -> 20 -> 19 -> 18 -> 17 -> 16 -> 15 -> 14 -> 13 -> 12 -> 11 -> 9 -> 8 -> 7 -> 6 -> 5 -> 4 -> 2 -> 3
10 -> 1 -> 25 -> 24 -> 23 -> 22 -> 21 -> 20 -> 19 -> 18 -> 17 -> 16 -> 15 -> 14 -> 13 -> 12 -> 11 -> 9 -> 8 -> 7 -> 6 -> 5 -> 3 -> 2 -> 4
10 -> 1 -> 25 -> 24 -> 23 -> 22 -> 21 -> 20 -> 19 -> 18 -> 17 -> 16 -> 15 -> 14 -> 13 -> 12 -> 11 -> 9 -> 8 -> 7 -> 6 -> 4 -> 3 -> 2 -> 5
10 -> 1 -> 25 -> 24 -> 23 -> 22 -> 21 -> 20 -> 19 -> 18 -> 17 -> 16 -> 15 -> 14 -> 13 -> 12 -> 11 -> 9 -> 8 -> 7 -> 5 -> 4 -> 3 -> 2 -> 6
10 -> 1 -> 25 -> 24 -> 23 -> 22 -> 21 -> 20 -> 19 -> 18 -> 17 -> 16 -> 15 -> 14 -> 13 -> 12 -> 11 -> 9 -> 8 -> 6 -> 5 -> 4 -> 3 -> 2 -> 7
10 -> 1 -> 25 -> 24 -> 23 -> 22 -> 21 -> 20 -> 19 -> 18 -> 17 -> 16 -> 15 -> 14 -> 13 -> 12 -> 11 -> 9 -> 7 -> 6 -> 5 -> 4 -> 3 -> 2 -> 8
10 -> 1 -> 25 -> 24 -> 23 -> 22 -> 21 -> 20 -> 19 -> 18 -> 17 -> 16 -> 15 -> 14 -> 13 -> 12 -> 11 -> 8 -> 7 -> 6 -> 5 -> 4 -> 3 -> 2 -> 9
10 -> 1 -> 25 -> 24 -> 23 -> 22 -> 21 -> 20 -> 19 -> 18 -> 17 -> 16 -> 15 -> 14 -> 13 -> 12 -> 9 -> 8 -> 7 -> 6 -> 5 -> 4 -> 3 -> 2 -> 11
10 -> 1 -> 25 -> 24 -> 23 -> 22 -> 21 -> 20 -> 19 -> 18 -> 17 -> 16 -> 15 -> 14 -> 13 -> 11 -> 9 -> 8 -> 7 -> 6 -> 5 -> 4 -> 3 -> 2 -> 12
10 -> 1 -> 25 -> 24 -> 23 -> 22 -> 21 -> 20 -> 19 -> 18 -> 17 -> 16 -> 15 -> 14 -> 12 -> 11 -> 9 -> 8 -> 7 -> 6 -> 5 -> 4 -> 3 -> 2 -> 13
10 -> 1 -> 25 -> 24 -> 23 -> 22 -> 21 -> 20 -> 19 -> 18 -> 17 -> 16 -> 15 -> 13 -> 12 -> 11 -> 9 -> 8 -> 7 -> 6 -> 5 -> 4 -> 3 -> 2 -> 14
10 -> 1 -> 25 -> 24 -> 23 -> 22 -> 21 -> 20 -> 19 -> 18 -> 17 -> 16 -> 14 -> 13 -> 12 -> 11 -> 9 -> 8 -> 7 -> 6 -> 5 -> 4 -> 3 -> 2 -> 15
10 -> 1 -> 25 -> 24 -> 23 -> 22 -> 21 -> 20 -> 19 -> 18 -> 17 -> 15 -> 14 -> 13 -> 12 -> 11 -> 9 -> 8 -> 7 -> 6 -> 5 -> 4 -> 3 -> 2 -> 16
10 -> 1 -> 25 -> 24 -> 23 -> 22 -> 21 -> 20 -> 19 -> 18 -> 16 -> 15 -> 14 -> 13 -> 12 -> 11 -> 9 -> 8 -> 7 -> 6 -> 5 -> 4 -> 3 -> 2 -> 17
10 -> 1 -> 25 -> 24 -> 23 -> 22 -> 21 -> 20 -> 19 -> 17 -> 16 -> 15 -> 14 -> 13 -> 12 -> 11 -> 9 -> 8 -> 7 -> 6 -> 5 -> 4 -> 3 -> 2 -> 18
10 -> 1 -> 25 -> 24 -> 23 -> 22 -> 21 -> 20 -> 18 -> 17 -> 16 -> 15 -> 14 -> 13 -> 12 -> 11 -> 9 -> 8 -> 7 -> 6 -> 5 -> 4 -> 3 -> 2 -> 19
10 -> 1 -> 25 -> 24 -> 23 -> 22 -> 21 -> 19 -> 18 -> 17 -> 16 -> 15 -> 14 -> 13 -> 12 -> 11 -> 9 -> 8 -> 7 -> 6 -> 5 -> 4 -> 3 -> 2 -> 20
10 -> 1 -> 25 -> 24 -> 23 -> 22 -> 20 -> 19 -> 18 -> 17 -> 16 -> 15 -> 14 -> 13 -> 12 -> 11 -> 9 -> 8 -> 7 -> 6 -> 5 -> 4 -> 3 -> 2 -> 21
10 -> 1 -> 25 -> 24 -> 23 -> 21 -> 20 -> 19 -> 18 -> 17 -> 16 -> 15 -> 14 -> 13 -> 12 -> 11 -> 9 -> 8 -> 7 -> 6 -> 5 -> 4 -> 3 -> 2 -> 22
10 -> 1 -> 25 -> 24 -> 22 -> 21 -> 20 -> 19 -> 18 -> 17 -> 16 -> 15 -> 14 -> 13 -> 12 -> 11 -> 9 -> 8 -> 7 -> 6 -> 5 -> 4 -> 3 -> 2 -> 23
10 -> 1 -> 25 -> 23 -> 22 -> 21 -> 20 -> 19 -> 18 -> 17 -> 16 -> 15 -> 14 -> 13 -> 12 -> 11 -> 9 -> 8 -> 7 -> 6 -> 5 -> 4 -> 3 -> 2 -> 24
10 -> 1 -> 24 -> 23 -> 22 -> 21 -> 20 -> 19 -> 18 -> 17 -> 16 -> 15 -> 14 -> 13 -> 12 -> 11 -> 9 -> 8 -> 7 -> 6 -> 5 -> 4 -> 3 -> 2 -> 25
11 -> 1 -> 25 -> 24 -> 23 -> 22 -> 21 -> 20 -> 19 -> 18 -> 17 -> 16 -> 15 -> 14 -> 13 -> 12 -> 10 -> 9 -> 8 -> 7 -> 6 -> 5 -> 4 -> 3 -> 2
11 -> 1 -> 25 -> 24 -> 23 -> 22 -> 21 -> 20 -> 19 -> 18 -> 17 -> 16 -> 15 -> 14 -> 13 -> 12 -> 10 -> 9 -> 8 -> 7 -> 6 -> 5 -> 4 -> 2 -> 3
11 -> 1 -> 25 -> 24 -> 23 -> 22 -> 21 -> 20 -> 19 -> 18 -> 17 -> 16 -> 15 -> 14 -> 13 -> 12 -> 10 -> 9 -> 8 -> 7 -> 6 -> 5 -> 3 -> 2 -> 4
11 -> 1 -> 25 -> 24 -> 23 -> 22 -> 21 -> 20 -> 19 -> 18 -> 17 -> 16 -> 15 -> 14 -> 13 -> 12 -> 10 -> 9 -> 8 -> 7 -> 6 -> 4 -> 3 -> 2 -> 5
11 -> 1 -> 25 -> 24 -> 23 -> 22 -> 21 -> 20 -> 19 -> 18 -> 17 -> 16 -> 15 -> 14 -> 13 -> 12 -> 10 -> 9 -> 8 -> 7 -> 5 -> 4 -> 3 -> 2 -> 6
11 -> 1 -> 25 -> 24 -> 23 -> 22 -> 21 -> 20 -> 19 -> 18 -> 17 -> 16 -> 15 -> 14 -> 13 -> 12 -> 10 -> 9 -> 8 -> 6 -> 5 -> 4 -> 3 -> 2 -> 7
11 -> 1 -> 25 -> 24 -> 23 -> 22 -> 21 -> 20 -> 19 -> 18 -> 17 -> 16 -> 15 -> 14 -> 13 -> 12 -> 10 -> 9 -> 7 -> 6 -> 5 -> 4 -> 3 -> 2 -> 8
11 -> 1 -> 25 -> 24 -> 23 -> 22 -> 21 -> 20 -> 19 -> 18 -> 17 -> 16 -> 15 -> 14 -> 13 -> 12 -> 10 -> 8 -> 7 -> 6 -> 5 -> 4 -> 3 -> 2 -> 9
11 -> 1 -> 25 -> 24 -> 23 -> 22 -> 21 -> 20 -> 19 -> 18 -> 17 -> 16 -> 15 -> 14 -> 13 -> 12 -> 9 -> 8 -> 7 -> 6 -> 5 -> 4 -> 3 -> 2 -> 10
11 -> 1 -> 25 -> 24 -> 23 -> 22 -> 21 -> 20 -> 19 -> 18 -> 17 -> 16 -> 15 -> 14 -> 13 -> 10 -> 9 -> 8 -> 7 -> 6 -> 5 -> 4 -> 3 -> 2 -> 12
11 -> 1 -> 25 -> 24 -> 23 -> 22 -> 21 -> 20 -> 19 -> 18 -> 17 -> 16 -> 15 -> 14 -> 12 -> 10 -> 9 -> 8 -> 7 -> 6 -> 5 -> 4 -> 3 -> 2 -> 13
11 -> 1 -> 25 -> 24 -> 23 -> 22 -> 21 -> 20 -> 19 -> 18 -> 17 -> 16 -> 15 -> 13 -> 12 -> 10 -> 9 -> 8 -> 7 -> 6 -> 5 -> 4 -> 3 -> 2 -> 14
11 -> 1 -> 25 -> 24 -> 23 -> 22 -> 21 -> 20 -> 19 -> 18 -> 17 -> 16 -> 14 -> 13 -> 12 -> 10 -> 9 -> 8 -> 7 -> 6 -> 5 -> 4 -> 3 -> 2 -> 15
11 -> 1 -> 25 -> 24 -> 23 -> 22 -> 21 -> 20 -> 19 -> 18 -> 17 -> 15 -> 14 -> 13 -> 12 -> 10 -> 9 -> 8 -> 7 -> 6 -> 5 -> 4 -> 3 -> 2 -> 16
11 -> 1 -> 25 -> 24 -> 23 -> 22 -> 21 -> 20 -> 19 -> 18 -> 16 -> 15 -> 14 -> 13 -> 12 -> 10 -> 9 -> 8 -> 7 -> 6 -> 5 -> 4 -> 3 -> 2 -> 17
11 -> 1 -> 25 -> 24 -> 23 -> 22 -> 21 -> 20 -> 19 -> 17 -> 16 -> 15 -> 14 -> 13 -> 12 -> 10 -> 9 -> 8 -> 7 -> 6 -> 5 -> 4 -> 3 -> 2 -> 18
11 -> 1 -> 25 -> 24 -> 23 -> 22 -> 21 -> 20 -> 18 -> 17 -> 16 -> 15 -> 14 -> 13 -> 12 -> 10 -> 9 -> 8 -> 7 -> 6 -> 5 -> 4 -> 3 -> 2 -> 19
11 -> 1 -> 25 -> 24 -> 23 -> 22 -> 21 -> 19 -> 18 -> 17 -> 16 -> 15 -> 14 -> 13 -> 12 -> 10 -> 9 -> 8 -> 7 -> 6 -> 5 -> 4 -> 3 -> 2 -> 20
11 -> 1 -> 25 -> 24 -> 23 -> 22 -> 20 -> 19 -> 18 -> 17 -> 16 -> 15 -> 14 -> 13 -> 12 -> 10 -> 9 -> 8 -> 7 -> 6 -> 5 -> 4 -> 3 -> 2 -> 21
11 -> 1 -> 25 -> 24 -> 23 -> 21 -> 20 -> 19 -> 18 -> 17 -> 16 -> 15 -> 14 -> 13 -> 12 -> 10 -> 9 -> 8 -> 7 -> 6 -> 5 -> 4 -> 3 -> 2 -> 22
11 -> 1 -> 25 -> 24 -> 22 -> 21 -> 20 -> 19 -> 18 -> 17 -> 16 -> 15 -> 14 -> 13 -> 12 -> 10 -> 9 -> 8 -> 7 -> 6 -> 5 -> 4 -> 3 -> 2 -> 23
11 -> 1 -> 25 -> 23 -> 22 -> 21 -> 20 -> 19 -> 18 -> 17 -> 16 -> 15 -> 14 -> 13 -> 12 -> 10 -> 9 -> 8 -> 7 -> 6 -> 5 -> 4 -> 3 -> 2 -> 24
11 -> 1 -> 24 -> 23 -> 22 -> 21 -> 20 -> 19 -> 18 -> 17 -> 16 -> 15 -> 14 -> 13 -> 12 -> 10 -> 9 -> 8 -> 7 -> 6 -> 5 -> 4 -> 3 -> 2 -> 25
12 -> 1 -> 25 -> 24 -> 23 -> 22 -> 21 -> 20 -> 19 -> 18 -> 17 -> 16 -> 15 -> 14 -> 13 -> 11 -> 10 -> 9 -> 8 -> 7 -> 6 -> 5 -> 4 -> 3 -> 2
12 -> 1 -> 25 -> 24 -> 23 -> 22 -> 21 -> 20 -> 19 -> 18 -> 17 -> 16 -> 15 -> 14 -> 13 -> 11 -> 10 -> 9 -> 8 -> 7 -> 6 -> 5 -> 4 -> 2 -> 3
12 -> 1 -> 25 -> 24 -> 23 -> 22 -> 21 -> 20 -> 19 -> 18 -> 17 -> 16 -> 15 -> 14 -> 13 -> 11 -> 10 -> 9 -> 8 -> 7 -> 6 -> 5 -> 3 -> 2 -> 4
12 -> 1 -> 25 -> 24 -> 23 -> 22 -> 21 -> 20 -> 19 -> 18 -> 17 -> 16 -> 15 -> 14 -> 13 -> 11 -> 10 -> 9 -> 8 -> 7 -> 6 -> 4 -> 3 -> 2 -> 5
12 -> 1 -> 25 -> 24 -> 23 -> 22 -> 21 -> 20 -> 19 -> 18 -> 17 -> 16 -> 15 -> 14 -> 13 -> 11 -> 10 -> 9 -> 8 -> 7 -> 5 -> 4 -> 3 -> 2 -> 6
12 -> 1 -> 25 -> 24 -> 23 -> 22 -> 21 -> 20 -> 19 -> 18 -> 17 -> 16 -> 15 -> 14 -> 13 -> 11 -> 10 -> 9 -> 8 -> 6 -> 5 -> 4 -> 3 -> 2 -> 7
12 -> 1 -> 25 -> 24 -> 23 -> 22 -> 21 -> 20 -> 19 -> 18 -> 17 -> 16 -> 15 -> 14 -> 13 -> 11 -> 10 -> 9 -> 7 -> 6 -> 5 -> 4 -> 3 -> 2 -> 8
12 -> 1 -> 25 -> 24 -> 23 -> 22 -> 21 -> 20 -> 19 -> 18 -> 17 -> 16 -> 15 -> 14 -> 13 -> 11 -> 10 -> 8 -> 7 -> 6 -> 5 -> 4 -> 3 -> 2 -> 9
12 -> 1 -> 25 -> 24 -> 23 -> 22 -> 21 -> 20 -> 19 -> 18 -> 17 -> 16 -> 15 -> 14 -> 13 -> 11 -> 9 -> 8 -> 7 -> 6 -> 5 -> 4 -> 3 -> 2 -> 10
12 -> 1 -> 25 -> 24 -> 23 -> 22 -> 21 -> 20 -> 19 -> 18 -> 17 -> 16 -> 15 -> 14 -> 13 -> 10 -> 9 -> 8 -> 7 -> 6 -> 5 -> 4 -> 3 -> 2 -> 11
12 -> 1 -> 25 -> 24 -> 23 -> 22 -> 21 -> 20 -> 19 -> 18 -> 17 -> 16 -> 15 -> 14 -> 11 -> 10 -> 9 -> 8 -> 7 -> 6 -> 5 -> 4 -> 3 -> 2 -> 13
12 -> 1 -> 25 -> 24 -> 23 -> 22 -> 21 -> 20 -> 19 -> 18 -> 17 -> 16 -> 15 -> 13 -> 11 -> 10 -> 9 -> 8 -> 7 -> 6 -> 5 -> 4 -> 3 -> 2 -> 14
12 -> 1 -> 25 -> 24 -> 23 -> 22 -> 21 -> 20 -> 19 -> 18 -> 17 -> 16 -> 14 -> 13 -> 11 -> 10 -> 9 -> 8 -> 7 -> 6 -> 5 -> 4 -> 3 -> 2 -> 15
12 -> 1 -> 25 -> 24 -> 23 -> 22 -> 21 -> 20 -> 19 -> 18 -> 17 -> 15 -> 14 -> 13 -> 11 -> 10 -> 9 -> 8 -> 7 -> 6 -> 5 -> 4 -> 3 -> 2 -> 16
12 -> 1 -> 25 -> 24 -> 23 -> 22 -> 21 -> 20 -> 19 -> 18 -> 16 -> 15 -> 14 -> 13 -> 11 -> 10 -> 9 -> 8 -> 7 -> 6 -> 5 -> 4 -> 3 -> 2 -> 17
12 -> 1 -> 25 -> 24 -> 23 -> 22 -> 21 -> 20 -> 19 -> 17 -> 16 -> 15 -> 14 -> 13 -> 11 -> 10 -> 9 -> 8 -> 7 -> 6 -> 5 -> 4 -> 3 -> 2 -> 18
12 -> 1 -> 25 -> 24 -> 23 -> 22 -> 21 -> 20 -> 18 -> 17 -> 16 -> 15 -> 14 -> 13 -> 11 -> 10 -> 9 -> 8 -> 7 -> 6 -> 5 -> 4 -> 3 -> 2 -> 19
12 -> 1 -> 25 -> 24 -> 23 -> 22 -> 21 -> 19 -> 18 -> 17 -> 16 -> 15 -> 14 -> 13 -> 11 -> 10 -> 9 -> 8 -> 7 -> 6 -> 5 -> 4 -> 3 -> 2 -> 20
12 -> 1 -> 25 -> 24 -> 23 -> 22 -> 20 -> 19 -> 18 -> 17 -> 16 -> 15 -> 14 -> 13 -> 11 -> 10 -> 9 -> 8 -> 7 -> 6 -> 5 -> 4 -> 3 -> 2 -> 21
12 -> 1 -> 25 -> 24 -> 23 -> 21 -> 20 -> 19 -> 18 -> 17 -> 16 -> 15 -> 14 -> 13 -> 11 -> 10 -> 9 -> 8 -> 7 -> 6 -> 5 -> 4 -> 3 -> 2 -> 22
12 -> 1 -> 25 -> 24 -> 22 -> 21 -> 20 -> 19 -> 18 -> 17 -> 16 -> 15 -> 14 -> 13 -> 11 -> 10 -> 9 -> 8 -> 7 -> 6 -> 5 -> 4 -> 3 -> 2 -> 23
12 -> 1 -> 25 -> 23 -> 22 -> 21 -> 20 -> 19 -> 18 -> 17 -> 16 -> 15 -> 14 -> 13 -> 11 -> 10 -> 9 -> 8 -> 7 -> 6 -> 5 -> 4 -> 3 -> 2 -> 24
12 -> 1 -> 24 -> 23 -> 22 -> 21 -> 20 -> 19 -> 18 -> 17 -> 16 -> 15 -> 14 -> 13 -> 11 -> 10 -> 9 -> 8 -> 7 -> 6 -> 5 -> 4 -> 3 -> 2 -> 25
13 -> 1 -> 25 -> 24 -> 23 -> 22 -> 21 -> 20 -> 19 -> 18 -> 17 -> 16 -> 15 -> 14 -> 12 -> 11 -> 10 -> 9 -> 8 -> 7 -> 6 -> 5 -> 4 -> 3 -> 2
13 -> 1 -> 25 -> 24 -> 23 -> 22 -> 21 -> 20 -> 19 -> 18 -> 17 -> 16 -> 15 -> 14 -> 12 -> 11 -> 10 -> 9 -> 8 -> 7 -> 6 -> 5 -> 4 -> 2 -> 3
13 -> 1 -> 25 -> 24 -> 23 -> 22 -> 21 -> 20 -> 19 -> 18 -> 17 -> 16 -> 15 -> 14 -> 12 -> 11 -> 10 -> 9 -> 8 -> 7 -> 6 -> 5 -> 3 -> 2 -> 4
13 -> 1 -> 25 -> 24 -> 23 -> 22 -> 21 -> 20 -> 19 -> 18 -> 17 -> 16 -> 15 -> 14 -> 12 -> 11 -> 10 -> 9 -> 8 -> 7 -> 6 -> 4 -> 3 -> 2 -> 5
13 -> 1 -> 25 -> 24 -> 23 -> 22 -> 21 -> 20 -> 19 -> 18 -> 17 -> 16 -> 15 -> 14 -> 12 -> 11 -> 10 -> 9 -> 8 -> 7 -> 5 -> 4 -> 3 -> 2 -> 6
13 -> 1 -> 25 -> 24 -> 23 -> 22 -> 21 -> 20 -> 19 -> 18 -> 17 -> 16 -> 15 -> 14 -> 12 -> 11 -> 10 -> 9 -> 8 -> 6 -> 5 -> 4 -> 3 -> 2 -> 7
13 -> 1 -> 25 -> 24 -> 23 -> 22 -> 21 -> 20 -> 19 -> 18 -> 17 -> 16 -> 15 -> 14 -> 12 -> 11 -> 10 -> 9 -> 7 -> 6 -> 5 -> 4 -> 3 -> 2 -> 8
13 -> 1 -> 25 -> 24 -> 23 -> 22 -> 21 -> 20 -> 19 -> 18 -> 17 -> 16 -> 15 -> 14 -> 12 -> 11 -> 10 -> 8 -> 7 -> 6 -> 5 -> 4 -> 3 -> 2 -> 9
13 -> 1 -> 25 -> 24 -> 23 -> 22 -> 21 -> 20 -> 19 -> 18 -> 17 -> 16 -> 15 -> 14 -> 12 -> 11 -> 9 -> 8 -> 7 -> 6 -> 5 -> 4 -> 3 -> 2 -> 10
13 -> 1 -> 25 -> 24 -> 23 -> 22 -> 21 -> 20 -> 19 -> 18 -> 17 -> 16 -> 15 -> 14 -> 12 -> 10 -> 9 -> 8 -> 7 -> 6 -> 5 -> 4 -> 3 -> 2 -> 11
13 -> 1 -> 25 -> 24 -> 23 -> 22 -> 21 -> 20 -> 19 -> 18 -> 17 -> 16 -> 15 -> 14 -> 11 -> 10 -> 9 -> 8 -> 7 -> 6 -> 5 -> 4 -> 3 -> 2 -> 12
13 -> 1 -> 25 -> 24 -> 23 -> 22 -> 21 -> 20 -> 19 -> 18 -> 17 -> 16 -> 15 -> 12 -> 11 -> 10 -> 9 -> 8 -> 7 -> 6 -> 5 -> 4 -> 3 -> 2 -> 14
13 -> 1 -> 25 -> 24 -> 23 -> 22 -> 21 -> 20 -> 19 -> 18 -> 17 -> 16 -> 14 -> 12 -> 11 -> 10 -> 9 -> 8 -> 7 -> 6 -> 5 -> 4 -> 3 -> 2 -> 15
13 -> 1 -> 25 -> 24 -> 23 -> 22 -> 21 -> 20 -> 19 -> 18 -> 17 -> 15 -> 14 -> 12 -> 11 -> 10 -> 9 -> 8 -> 7 -> 6 -> 5 -> 4 -> 3 -> 2 -> 16
13 -> 1 -> 25 -> 24 -> 23 -> 22 -> 21 -> 20 -> 19 -> 18 -> 16 -> 15 -> 14 -> 12 -> 11 -> 10 -> 9 -> 8 -> 7 -> 6 -> 5 -> 4 -> 3 -> 2 -> 17
13 -> 1 -> 25 -> 24 -> 23 -> 22 -> 21 -> 20 -> 19 -> 17 -> 16 -> 15 -> 14 -> 12 -> 11 -> 10 -> 9 -> 8 -> 7 -> 6 -> 5 -> 4 -> 3 -> 2 -> 18
13 -> 1 -> 25 -> 24 -> 23 -> 22 -> 21 -> 20 -> 18 -> 17 -> 16 -> 15 -> 14 -> 12 -> 11 -> 10 -> 9 -> 8 -> 7 -> 6 -> 5 -> 4 -> 3 -> 2 -> 19
13 -> 1 -> 25 -> 24 -> 23 -> 22 -> 21 -> 19 -> 18 -> 17 -> 16 -> 15 -> 14 -> 12 -> 11 -> 10 -> 9 -> 8 -> 7 -> 6 -> 5 -> 4 -> 3 -> 2 -> 20
13 -> 1 -> 25 -> 24 -> 23 -> 22 -> 20 -> 19 -> 18 -> 17 -> 16 -> 15 -> 14 -> 12 -> 11 -> 10 -> 9 -> 8 -> 7 -> 6 -> 5 -> 4 -> 3 -> 2 -> 21
13 -> 1 -> 25 -> 24 -> 23 -> 21 -> 20 -> 19 -> 18 -> 17 -> 16 -> 15 -> 14 -> 12 -> 11 -> 10 -> 9 -> 8 -> 7 -> 6 -> 5 -> 4 -> 3 -> 2 -> 22
13 -> 1 -> 25 -> 24 -> 22 -> 21 -> 20 -> 19 -> 18 -> 17 -> 16 -> 15 -> 14 -> 12 -> 11 -> 10 -> 9 -> 8 -> 7 -> 6 -> 5 -> 4 -> 3 -> 2 -> 23
13 -> 1 -> 25 -> 23 -> 22 -> 21 -> 20 -> 19 -> 18 -> 17 -> 16 -> 15 -> 14 -> 12 -> 11 -> 10 -> 9 -> 8 -> 7 -> 6 -> 5 -> 4 -> 3 -> 2 -> 24
13 -> 1 -> 24 -> 23 -> 22 -> 21 -> 20 -> 19 -> 18 -> 17 -> 16 -> 15 -> 14 -> 12 -> 11 -> 10 -> 9 -> 8 -> 7 -> 6 -> 5 -> 4 -> 3 -> 2 -> 25
14 -> 1 -> 25 -> 24 -> 23 -> 22 -> 21 -> 20 -> 19 -> 18 -> 17 -> 16 -> 15 -> 13 -> 12 -> 11 -> 10 -> 9 -> 8 -> 7 -> 6 -> 5 -> 4 -> 3 -> 2
14 -> 1 -> 25 -> 24 -> 23 -> 22 -> 21 -> 20 -> 19 -> 18 -> 17 -> 16 -> 15 -> 13 -> 12 -> 11 -> 10 -> 9 -> 8 -> 7 -> 6 -> 5 -> 4 -> 2 -> 3
14 -> 1 -> 25 -> 24 -> 23 -> 22 -> 21 -> 20 -> 19 -> 18 -> 17 -> 16 -> 15 -> 13 -> 12 -> 11 -> 10 -> 9 -> 8 -> 7 -> 6 -> 5 -> 3 -> 2 -> 4
14 -> 1 -> 25 -> 24 -> 23 -> 22 -> 21 -> 20 -> 19 -> 18 -> 17 -> 16 -> 15 -> 13 -> 12 -> 11 -> 10 -> 9 -> 8 -> 7 -> 6 -> 4 -> 3 -> 2 -> 5
14 -> 1 -> 25 -> 24 -> 23 -> 22 -> 21 -> 20 -> 19 -> 18 -> 17 -> 16 -> 15 -> 13 -> 12 -> 11 -> 10 -> 9 -> 8 -> 7 -> 5 -> 4 -> 3 -> 2 -> 6
14 -> 1 -> 25 -> 24 -> 23 -> 22 -> 21 -> 20 -> 19 -> 18 -> 17 -> 16 -> 15 -> 13 -> 12 -> 11 -> 10 -> 9 -> 8 -> 6 -> 5 -> 4 -> 3 -> 2 -> 7
14 -> 1 -> 25 -> 24 -> 23 -> 22 -> 21 -> 20 -> 19 -> 18 -> 17 -> 16 -> 15 -> 13 -> 12 -> 11 -> 10 -> 9 -> 7 -> 6 -> 5 -> 4 -> 3 -> 2 -> 8
14 -> 1 -> 25 -> 24 -> 23 -> 22 -> 21 -> 20 -> 19 -> 18 -> 17 -> 16 -> 15 -> 13 -> 12 -> 11 -> 10 -> 8 -> 7 -> 6 -> 5 -> 4 -> 3 -> 2 -> 9
14 -> 1 -> 25 -> 24 -> 23 -> 22 -> 21 -> 20 -> 19 -> 18 -> 17 -> 16 -> 15 -> 13 -> 12 -> 11 -> 9 -> 8 -> 7 -> 6 -> 5 -> 4 -> 3 -> 2 -> 10
14 -> 1 -> 25 -> 24 -> 23 -> 22 -> 21 -> 20 -> 19 -> 18 -> 17 -> 16 -> 15 -> 13 -> 12 -> 10 -> 9 -> 8 -> 7 -> 6 -> 5 -> 4 -> 3 -> 2 -> 11
14 -> 1 -> 25 -> 24 -> 23 -> 22 -> 21 -> 20 -> 19 -> 18 -> 17 -> 16 -> 15 -> 13 -> 11 -> 10 -> 9 -> 8 -> 7 -> 6 -> 5 -> 4 -> 3 -> 2 -> 12
14 -> 1 -> 25 -> 24 -> 23 -> 22 -> 21 -> 20 -> 19 -> 18 -> 17 -> 16 -> 15 -> 12 -> 11 -> 10 -> 9 -> 8 -> 7 -> 6 -> 5 -> 4 -> 3 -> 2 -> 13
14 -> 1 -> 25 -> 24 -> 23 -> 22 -> 21 -> 20 -> 19 -> 18 -> 17 -> 16 -> 13 -> 12 -> 11 -> 10 -> 9 -> 8 -> 7 -> 6 -> 5 -> 4 -> 3 -> 2 -> 15
14 -> 1 -> 25 -> 24 -> 23 -> 22 -> 21 -> 20 -> 19 -> 18 -> 17 -> 15 -> 13 -> 12 -> 11 -> 10 -> 9 -> 8 -> 7 -> 6 -> 5 -> 4 -> 3 -> 2 -> 16
14 -> 1 -> 25 -> 24 -> 23 -> 22 -> 21 -> 20 -> 19 -> 18 -> 16 -> 15 -> 13 -> 12 -> 11 -> 10 -> 9 -> 8 -> 7 -> 6 -> 5 -> 4 -> 3 -> 2 -> 17
14 -> 1 -> 25 -> 24 -> 23 -> 22 -> 21 -> 20 -> 19 -> 17 -> 16 -> 15 -> 13 -> 12 -> 11 -> 10 -> 9 -> 8 -> 7 -> 6 -> 5 -> 4 -> 3 -> 2 -> 18
14 -> 1 -> 25 -> 24 -> 23 -> 22 -> 21 -> 20 -> 18 -> 17 -> 16 -> 15 -> 13 -> 12 -> 11 -> 10 -> 9 -> 8 -> 7 -> 6 -> 5 -> 4 -> 3 -> 2 -> 19
14 -> 1 -> 25 -> 24 -> 23 -> 22 -> 21 -> 19 -> 18 -> 17 -> 16 -> 15 -> 13 -> 12 -> 11 -> 10 -> 9 -> 8 -> 7 -> 6 -> 5 -> 4 -> 3 -> 2 -> 20
14 -> 1 -> 25 -> 24 -> 23 -> 22 -> 20 -> 19 -> 18 -> 17 -> 16 -> 15 -> 13 -> 12 -> 11 -> 10 -> 9 -> 8 -> 7 -> 6 -> 5 -> 4 -> 3 -> 2 -> 21
14 -> 1 -> 25 -> 24 -> 23 -> 21 -> 20 -> 19 -> 18 -> 17 -> 16 -> 15 -> 13 -> 12 -> 11 -> 10 -> 9 -> 8 -> 7 -> 6 -> 5 -> 4 -> 3 -> 2 -> 22
14 -> 1 -> 25 -> 24 -> 22 -> 21 -> 20 -> 19 -> 18 -> 17 -> 16 -> 15 -> 13 -> 12 -> 11 -> 10 -> 9 -> 8 -> 7 -> 6 -> 5 -> 4 -> 3 -> 2 -> 23
14 -> 1 -> 25 -> 23 -> 22 -> 21 -> 20 -> 19 -> 18 -> 17 -> 16 -> 15 -> 13 -> 12 -> 11 -> 10 -> 9 -> 8 -> 7 -> 6 -> 5 -> 4 -> 3 -> 2 -> 24
14 -> 1 -> 24 -> 23 -> 22 -> 21 -> 20 -> 19 -> 18 -> 17 -> 16 -> 15 -> 13 -> 12 -> 11 -> 10 -> 9 -> 8 -> 7 -> 6 -> 5 -> 4 -> 3 -> 2 -> 25
15 -> 1 -> 25 -> 24 -> 23 -> 22 -> 21 -> 20 -> 19 -> 18 -> 17 -> 16 -> 14 -> 13 -> 12 -> 11 -> 10 -> 9 -> 8 -> 7 -> 6 -> 5 -> 4 -> 3 -> 2
15 -> 1 -> 25 -> 24 -> 23 -> 22 -> 21 -> 20 -> 19 -> 18 -> 17 -> 16 -> 14 -> 13 -> 12 -> 11 -> 10 -> 9 -> 8 -> 7 -> 6 -> 5 -> 4 -> 2 -> 3
15 -> 1 -> 25 -> 24 -> 23 -> 22 -> 21 -> 20 -> 19 -> 18 -> 17 -> 16 -> 14 -> 13 -> 12 -> 11 -> 10 -> 9 -> 8 -> 7 -> 6 -> 5 -> 3 -> 2 -> 4
15 -> 1 -> 25 -> 24 -> 23 -> 22 -> 21 -> 20 -> 19 -> 18 -> 17 -> 16 -> 14 -> 13 -> 12 -> 11 -> 10 -> 9 -> 8 -> 7 -> 6 -> 4 -> 3 -> 2 -> 5
15 -> 1 -> 25 -> 24 -> 23 -> 22 -> 21 -> 20 -> 19 -> 18 -> 17 -> 16 -> 14 -> 13 -> 12 -> 11 -> 10 -> 9 -> 8 -> 7 -> 5 -> 4 -> 3 -> 2 -> 6
15 -> 1 -> 25 -> 24 -> 23 -> 22 -> 21 -> 20 -> 19 -> 18 -> 17 -> 16 -> 14 -> 13 -> 12 -> 11 -> 10 -> 9 -> 8 -> 6 -> 5 -> 4 -> 3 -> 2 -> 7
15 -> 1 -> 25 -> 24 -> 23 -> 22 -> 21 -> 20 -> 19 -> 18 -> 17 -> 16 -> 14 -> 13 -> 12 -> 11 -> 10 -> 9 -> 7 -> 6 -> 5 -> 4 -> 3 -> 2 -> 8
15 -> 1 -> 25 -> 24 -> 23 -> 22 -> 21 -> 20 -> 19 -> 18 -> 17 -> 16 -> 14 -> 13 -> 12 -> 11 -> 10 -> 8 -> 7 -> 6 -> 5 -> 4 -> 3 -> 2 -> 9
15 -> 1 -> 25 -> 24 -> 23 -> 22 -> 21 -> 20 -> 19 -> 18 -> 17 -> 16 -> 14 -> 13 -> 12 -> 11 -> 9 -> 8 -> 7 -> 6 -> 5 -> 4 -> 3 -> 2 -> 10
15 -> 1 -> 25 -> 24 -> 23 -> 22 -> 21 -> 20 -> 19 -> 18 -> 17 -> 16 -> 14 -> 13 -> 12 -> 10 -> 9 -> 8 -> 7 -> 6 -> 5 -> 4 -> 3 -> 2 -> 11
15 -> 1 -> 25 -> 24 -> 23 -> 22 -> 21 -> 20 -> 19 -> 18 -> 17 -> 16 -> 14 -> 13 -> 11 -> 10 -> 9 -> 8 -> 7 -> 6 -> 5 -> 4 -> 3 -> 2 -> 12
15 -> 1 -> 25 -> 24 -> 23 -> 22 -> 21 -> 20 -> 19 -> 18 -> 17 -> 16 -> 14 -> 12 -> 11 -> 10 -> 9 -> 8 -> 7 -> 6 -> 5 -> 4 -> 3 -> 2 -> 13
15 -> 1 -> 25 -> 24 -> 23 -> 22 -> 21 -> 20 -> 19 -> 18 -> 17 -> 16 -> 13 -> 12 -> 11 -> 10 -> 9 -> 8 -> 7 -> 6 -> 5 -> 4 -> 3 -> 2 -> 14
15 -> 1 -> 25 -> 24 -> 23 -> 22 -> 21 -> 20 -> 19 -> 18 -> 17 -> 14 -> 13 -> 12 -> 11 -> 10 -> 9 -> 8 -> 7 -> 6 -> 5 -> 4 -> 3 -> 2 -> 16
15 -> 1 -> 25 -> 24 -> 23 -> 22 -> 21 -> 20 -> 19 -> 18 -> 16 -> 14 -> 13 -> 12 -> 11 -> 10 -> 9 -> 8 -> 7 -> 6 -> 5 -> 4 -> 3 -> 2 -> 17
15 -> 1 -> 25 -> 24 -> 23 -> 22 -> 21 -> 20 -> 19 -> 17 -> 16 -> 14 -> 13 -> 12 -> 11 -> 10 -> 9 -> 8 -> 7 -> 6 -> 5 -> 4 -> 3 -> 2 -> 18
15 -> 1 -> 25 -> 24 -> 23 -> 22 -> 21 -> 20 -> 18 -> 17 -> 16 -> 14 -> 13 -> 12 -> 11 -> 10 -> 9 -> 8 -> 7 -> 6 -> 5 -> 4 -> 3 -> 2 -> 19
15 -> 1 -> 25 -> 24 -> 23 -> 22 -> 21 -> 19 -> 18 -> 17 -> 16 -> 14 -> 13 -> 12 -> 11 -> 10 -> 9 -> 8 -> 7 -> 6 -> 5 -> 4 -> 3 -> 2 -> 20
15 -> 1 -> 25 -> 24 -> 23 -> 22 -> 20 -> 19 -> 18 -> 17 -> 16 -> 14 -> 13 -> 12 -> 11 -> 10 -> 9 -> 8 -> 7 -> 6 -> 5 -> 4 -> 3 -> 2 -> 21
15 -> 1 -> 25 -> 24 -> 23 -> 21 -> 20 -> 19 -> 18 -> 17 -> 16 -> 14 -> 13 -> 12 -> 11 -> 10 -> 9 -> 8 -> 7 -> 6 -> 5 -> 4 -> 3 -> 2 -> 22
15 -> 1 -> 25 -> 24 -> 22 -> 21 -> 20 -> 19 -> 18 -> 17 -> 16 -> 14 -> 13 -> 12 -> 11 -> 10 -> 9 -> 8 -> 7 -> 6 -> 5 -> 4 -> 3 -> 2 -> 23
15 -> 1 -> 25 -> 23 -> 22 -> 21 -> 20 -> 19 -> 18 -> 17 -> 16 -> 14 -> 13 -> 12 -> 11 -> 10 -> 9 -> 8 -> 7 -> 6 -> 5 -> 4 -> 3 -> 2 -> 24
15 -> 1 -> 24 -> 23 -> 22 -> 21 -> 20 -> 19 -> 18 -> 17 -> 16 -> 14 -> 13 -> 12 -> 11 -> 10 -> 9 -> 8 -> 7 -> 6 -> 5 -> 4 -> 3 -> 2 -> 25
16 -> 1 -> 25 -> 24 -> 23 -> 22 -> 21 -> 20 -> 19 -> 18 -> 17 -> 15 -> 14 -> 13 -> 12 -> 11 -> 10 -> 9 -> 8 -> 7 -> 6 -> 5 -> 4 -> 3 -> 2
16 -> 1 -> 25 -> 24 -> 23 -> 22 -> 21 -> 20 -> 19 -> 18 -> 17 -> 15 -> 14 -> 13 -> 12 -> 11 -> 10 -> 9 -> 8 -> 7 -> 6 -> 5 -> 4 -> 2 -> 3
16 -> 1 -> 25 -> 24 -> 23 -> 22 -> 21 -> 20 -> 19 -> 18 -> 17 -> 15 -> 14 -> 13 -> 12 -> 11 -> 10 -> 9 -> 8 -> 7 -> 6 -> 5 -> 3 -> 2 -> 4
16 -> 1 -> 25 -> 24 -> 23 -> 22 -> 21 -> 20 -> 19 -> 18 -> 17 -> 15 -> 14 -> 13 -> 12 -> 11 -> 10 -> 9 -> 8 -> 7 -> 6 -> 4 -> 3 -> 2 -> 5
16 -> 1 -> 25 -> 24 -> 23 -> 22 -> 21 -> 20 -> 19 -> 18 -> 17 -> 15 -> 14 -> 13 -> 12 -> 11 -> 10 -> 9 -> 8 -> 7 -> 5 -> 4 -> 3 -> 2 -> 6
16 -> 1 -> 25 -> 24 -> 23 -> 22 -> 21 -> 20 -> 19 -> 18 -> 17 -> 15 -> 14 -> 13 -> 12 -> 11 -> 10 -> 9 -> 8 -> 6 -> 5 -> 4 -> 3 -> 2 -> 7
16 -> 1 -> 25 -> 24 -> 23 -> 22 -> 21 -> 20 -> 19 -> 18 -> 17 -> 15 -> 14 -> 13 -> 12 -> 11 -> 10 -> 9 -> 7 -> 6 -> 5 -> 4 -> 3 -> 2 -> 8
16 -> 1 -> 25 -> 24 -> 23 -> 22 -> 21 -> 20 -> 19 -> 18 -> 17 -> 15 -> 14 -> 13 -> 12 -> 11 -> 10 -> 8 -> 7 -> 6 -> 5 -> 4 -> 3 -> 2 -> 9
16 -> 1 -> 25 -> 24 -> 23 -> 22 -> 21 -> 20 -> 19 -> 18 -> 17 -> 15 -> 14 -> 13 -> 12 -> 11 -> 9 -> 8 -> 7 -> 6 -> 5 -> 4 -> 3 -> 2 -> 10
16 -> 1 -> 25 -> 24 -> 23 -> 22 -> 21 -> 20 -> 19 -> 18 -> 17 -> 15 -> 14 -> 13 -> 12 -> 10 -> 9 -> 8 -> 7 -> 6 -> 5 -> 4 -> 3 -> 2 -> 11
16 -> 1 -> 25 -> 24 -> 23 -> 22 -> 21 -> 20 -> 19 -> 18 -> 17 -> 15 -> 14 -> 13 -> 11 -> 10 -> 9 -> 8 -> 7 -> 6 -> 5 -> 4 -> 3 -> 2 -> 12
16 -> 1 -> 25 -> 24 -> 23 -> 22 -> 21 -> 20 -> 19 -> 18 -> 17 -> 15 -> 14 -> 12 -> 11 -> 10 -> 9 -> 8 -> 7 -> 6 -> 5 -> 4 -> 3 -> 2 -> 13
16 -> 1 -> 25 -> 24 -> 23 -> 22 -> 21 -> 20 -> 19 -> 18 -> 17 -> 15 -> 13 -> 12 -> 11 -> 10 -> 9 -> 8 -> 7 -> 6 -> 5 -> 4 -> 3 -> 2 -> 14
16 -> 1 -> 25 -> 24 -> 23 -> 22 -> 21 -> 20 -> 19 -> 18 -> 17 -> 14 -> 13 -> 12 -> 11 -> 10 -> 9 -> 8 -> 7 -> 6 -> 5 -> 4 -> 3 -> 2 -> 15
16 -> 1 -> 25 -> 24 -> 23 -> 22 -> 21 -> 20 -> 19 -> 18 -> 15 -> 14 -> 13 -> 12 -> 11 -> 10 -> 9 -> 8 -> 7 -> 6 -> 5 -> 4 -> 3 -> 2 -> 17
16 -> 1 -> 25 -> 24 -> 23 -> 22 -> 21 -> 20 -> 19 -> 17 -> 15 -> 14 -> 13 -> 12 -> 11 -> 10 -> 9 -> 8 -> 7 -> 6 -> 5 -> 4 -> 3 -> 2 -> 18
16 -> 1 -> 25 -> 24 -> 23 -> 22 -> 21 -> 20 -> 18 -> 17 -> 15 -> 14 -> 13 -> 12 -> 11 -> 10 -> 9 -> 8 -> 7 -> 6 -> 5 -> 4 -> 3 -> 2 -> 19
16 -> 1 -> 25 -> 24 -> 23 -> 22 -> 21 -> 19 -> 18 -> 17 -> 15 -> 14 -> 13 -> 12 -> 11 -> 10 -> 9 -> 8 -> 7 -> 6 -> 5 -> 4 -> 3 -> 2 -> 20
16 -> 1 -> 25 -> 24 -> 23 -> 22 -> 20 -> 19 -> 18 -> 17 -> 15 -> 14 -> 13 -> 12 -> 11 -> 10 -> 9 -> 8 -> 7 -> 6 -> 5 -> 4 -> 3 -> 2 -> 21
16 -> 1 -> 25 -> 24 -> 23 -> 21 -> 20 -> 19 -> 18 -> 17 -> 15 -> 14 -> 13 -> 12 -> 11 -> 10 -> 9 -> 8 -> 7 -> 6 -> 5 -> 4 -> 3 -> 2 -> 22
16 -> 1 -> 25 -> 24 -> 22 -> 21 -> 20 -> 19 -> 18 -> 17 -> 15 -> 14 -> 13 -> 12 -> 11 -> 10 -> 9 -> 8 -> 7 -> 6 -> 5 -> 4 -> 3 -> 2 -> 23
16 -> 1 -> 25 -> 23 -> 22 -> 21 -> 20 -> 19 -> 18 -> 17 -> 15 -> 14 -> 13 -> 12 -> 11 -> 10 -> 9 -> 8 -> 7 -> 6 -> 5 -> 4 -> 3 -> 2 -> 24
16 -> 1 -> 24 -> 23 -> 22 -> 21 -> 20 -> 19 -> 18 -> 17 -> 15 -> 14 -> 13 -> 12 -> 11 -> 10 -> 9 -> 8 -> 7 -> 6 -> 5 -> 4 -> 3 -> 2 -> 25
17 -> 1 -> 25 -> 24 -> 23 -> 22 -> 21 -> 20 -> 19 -> 18 -> 16 -> 15 -> 14 -> 13 -> 12 -> 11 -> 10 -> 9 -> 8 -> 7 -> 6 -> 5 -> 4 -> 3 -> 2
17 -> 1 -> 25 -> 24 -> 23 -> 22 -> 21 -> 20 -> 19 -> 18 -> 16 -> 15 -> 14 -> 13 -> 12 -> 11 -> 10 -> 9 -> 8 -> 7 -> 6 -> 5 -> 4 -> 2 -> 3
17 -> 1 -> 25 -> 24 -> 23 -> 22 -> 21 -> 20 -> 19 -> 18 -> 16 -> 15 -> 14 -> 13 -> 12 -> 11 -> 10 -> 9 -> 8 -> 7 -> 6 -> 5 -> 3 -> 2 -> 4
17 -> 1 -> 25 -> 24 -> 23 -> 22 -> 21 -> 20 -> 19 -> 18 -> 16 -> 15 -> 14 -> 13 -> 12 -> 11 -> 10 -> 9 -> 8 -> 7 -> 6 -> 4 -> 3 -> 2 -> 5
17 -> 1 -> 25 -> 24 -> 23 -> 22 -> 21 -> 20 -> 19 -> 18 -> 16 -> 15 -> 14 -> 13 -> 12 -> 11 -> 10 -> 9 -> 8 -> 7 -> 5 -> 4 -> 3 -> 2 -> 6
17 -> 1 -> 25 -> 24 -> 23 -> 22 -> 21 -> 20 -> 19 -> 18 -> 16 -> 15 -> 14 -> 13 -> 12 -> 11 -> 10 -> 9 -> 8 -> 6 -> 5 -> 4 -> 3 -> 2 -> 7
17 -> 1 -> 25 -> 24 -> 23 -> 22 -> 21 -> 20 -> 19 -> 18 -> 16 -> 15 -> 14 -> 13 -> 12 -> 11 -> 10 -> 9 -> 7 -> 6 -> 5 -> 4 -> 3 -> 2 -> 8
17 -> 1 -> 25 -> 24 -> 23 -> 22 -> 21 -> 20 -> 19 -> 18 -> 16 -> 15 -> 14 -> 13 -> 12 -> 11 -> 10 -> 8 -> 7 -> 6 -> 5 -> 4 -> 3 -> 2 -> 9
17 -> 1 -> 25 -> 24 -> 23 -> 22 -> 21 -> 20 -> 19 -> 18 -> 16 -> 15 -> 14 -> 13 -> 12 -> 11 -> 9 -> 8 -> 7 -> 6 -> 5 -> 4 -> 3 -> 2 -> 10
17 -> 1 -> 25 -> 24 -> 23 -> 22 -> 21 -> 20 -> 19 -> 18 -> 16 -> 15 -> 14 -> 13 -> 12 -> 10 -> 9 -> 8 -> 7 -> 6 -> 5 -> 4 -> 3 -> 2 -> 11
17 -> 1 -> 25 -> 24 -> 23 -> 22 -> 21 -> 20 -> 19 -> 18 -> 16 -> 15 -> 14 -> 13 -> 11 -> 10 -> 9 -> 8 -> 7 -> 6 -> 5 -> 4 -> 3 -> 2 -> 12
17 -> 1 -> 25 -> 24 -> 23 -> 22 -> 21 -> 20 -> 19 -> 18 -> 16 -> 15 -> 14 -> 12 -> 11 -> 10 -> 9 -> 8 -> 7 -> 6 -> 5 -> 4 -> 3 -> 2 -> 13
17 -> 1 -> 25 -> 24 -> 23 -> 22 -> 21 -> 20 -> 19 -> 18 -> 16 -> 15 -> 13 -> 12 -> 11 -> 10 -> 9 -> 8 -> 7 -> 6 -> 5 -> 4 -> 3 -> 2 -> 14
17 -> 1 -> 25 -> 24 -> 23 -> 22 -> 21 -> 20 -> 19 -> 18 -> 16 -> 14 -> 13 -> 12 -> 11 -> 10 -> 9 -> 8 -> 7 -> 6 -> 5 -> 4 -> 3 -> 2 -> 15
17 -> 1 -> 25 -> 24 -> 23 -> 22 -> 21 -> 20 -> 19 -> 18 -> 15 -> 14 -> 13 -> 12 -> 11 -> 10 -> 9 -> 8 -> 7 -> 6 -> 5 -> 4 -> 3 -> 2 -> 16
17 -> 1 -> 25 -> 24 -> 23 -> 22 -> 21 -> 20 -> 19 -> 16 -> 15 -> 14 -> 13 -> 12 -> 11 -> 10 -> 9 -> 8 -> 7 -> 6 -> 5 -> 4 -> 3 -> 2 -> 18
17 -> 1 -> 25 -> 24 -> 23 -> 22 -> 21 -> 20 -> 18 -> 16 -> 15 -> 14 -> 13 -> 12 -> 11 -> 10 -> 9 -> 8 -> 7 -> 6 -> 5 -> 4 -> 3 -> 2 -> 19
17 -> 1 -> 25 -> 24 -> 23 -> 22 -> 21 -> 19 -> 18 -> 16 -> 15 -> 14 -> 13 -> 12 -> 11 -> 10 -> 9 -> 8 -> 7 -> 6 -> 5 -> 4 -> 3 -> 2 -> 20
17 -> 1 -> 25 -> 24 -> 23 -> 22 -> 20 -> 19 -> 18 -> 16 -> 15 -> 14 -> 13 -> 12 -> 11 -> 10 -> 9 -> 8 -> 7 -> 6 -> 5 -> 4 -> 3 -> 2 -> 21
17 -> 1 -> 25 -> 24 -> 23 -> 21 -> 20 -> 19 -> 18 -> 16 -> 15 -> 14 -> 13 -> 12 -> 11 -> 10 -> 9 -> 8 -> 7 -> 6 -> 5 -> 4 -> 3 -> 2 -> 22
17 -> 1 -> 25 -> 24 -> 22 -> 21 -> 20 -> 19 -> 18 -> 16 -> 15 -> 14 -> 13 -> 12 -> 11 -> 10 -> 9 -> 8 -> 7 -> 6 -> 5 -> 4 -> 3 -> 2 -> 23
17 -> 1 -> 25 -> 23 -> 22 -> 21 -> 20 -> 19 -> 18 -> 16 -> 15 -> 14 -> 13 -> 12 -> 11 -> 10 -> 9 -> 8 -> 7 -> 6 -> 5 -> 4 -> 3 -> 2 -> 24
17 -> 1 -> 24 -> 23 -> 22 -> 21 -> 20 -> 19 -> 18 -> 16 -> 15 -> 14 -> 13 -> 12 -> 11 -> 10 -> 9 -> 8 -> 7 -> 6 -> 5 -> 4 -> 3 -> 2 -> 25
18 -> 1 -> 25 -> 24 -> 23 -> 22 -> 21 -> 20 -> 19 -> 17 -> 16 -> 15 -> 14 -> 13 -> 12 -> 11 -> 10 -> 9 -> 8 -> 7 -> 6 -> 5 -> 4 -> 3 -> 2
18 -> 1 -> 25 -> 24 -> 23 -> 22 -> 21 -> 20 -> 19 -> 17 -> 16 -> 15 -> 14 -> 13 -> 12 -> 11 -> 10 -> 9 -> 8 -> 7 -> 6 -> 5 -> 4 -> 2 -> 3
18 -> 1 -> 25 -> 24 -> 23 -> 22 -> 21 -> 20 -> 19 -> 17 -> 16 -> 15 -> 14 -> 13 -> 12 -> 11 -> 10 -> 9 -> 8 -> 7 -> 6 -> 5 -> 3 -> 2 -> 4
18 -> 1 -> 25 -> 24 -> 23 -> 22 -> 21 -> 20 -> 19 -> 17 -> 16 -> 15 -> 14 -> 13 -> 12 -> 11 -> 10 -> 9 -> 8 -> 7 -> 6 -> 4 -> 3 -> 2 -> 5
18 -> 1 -> 25 -> 24 -> 23 -> 22 -> 21 -> 20 -> 19 -> 17 -> 16 -> 15 -> 14 -> 13 -> 12 -> 11 -> 10 -> 9 -> 8 -> 7 -> 5 -> 4 -> 3 -> 2 -> 6
18 -> 1 -> 25 -> 24 -> 23 -> 22 -> 21 -> 20 -> 19 -> 17 -> 16 -> 15 -> 14 -> 13 -> 12 -> 11 -> 10 -> 9 -> 8 -> 6 -> 5 -> 4 -> 3 -> 2 -> 7
18 -> 1 -> 25 -> 24 -> 23 -> 22 -> 21 -> 20 -> 19 -> 17 -> 16 -> 15 -> 14 -> 13 -> 12 -> 11 -> 10 -> 9 -> 7 -> 6 -> 5 -> 4 -> 3 -> 2 -> 8
18 -> 1 -> 25 -> 24 -> 23 -> 22 -> 21 -> 20 -> 19 -> 17 -> 16 -> 15 -> 14 -> 13 -> 12 -> 11 -> 10 -> 8 -> 7 -> 6 -> 5 -> 4 -> 3 -> 2 -> 9
18 -> 1 -> 25 -> 24 -> 23 -> 22 -> 21 -> 20 -> 19 -> 17 -> 16 -> 15 -> 14 -> 13 -> 12 -> 11 -> 9 -> 8 -> 7 -> 6 -> 5 -> 4 -> 3 -> 2 -> 10
18 -> 1 -> 25 -> 24 -> 23 -> 22 -> 21 -> 20 -> 19 -> 17 -> 16 -> 15 -> 14 -> 13 -> 12 -> 10 -> 9 -> 8 -> 7 -> 6 -> 5 -> 4 -> 3 -> 2 -> 11
18 -> 1 -> 25 -> 24 -> 23 -> 22 -> 21 -> 20 -> 19 -> 17 -> 16 -> 15 -> 14 -> 13 -> 11 -> 10 -> 9 -> 8 -> 7 -> 6 -> 5 -> 4 -> 3 -> 2 -> 12
18 -> 1 -> 25 -> 24 -> 23 -> 22 -> 21 -> 20 -> 19 -> 17 -> 16 -> 15 -> 14 -> 12 -> 11 -> 10 -> 9 -> 8 -> 7 -> 6 -> 5 -> 4 -> 3 -> 2 -> 13
18 -> 1 -> 25 -> 24 -> 23 -> 22 -> 21 -> 20 -> 19 -> 17 -> 16 -> 15 -> 13 -> 12 -> 11 -> 10 -> 9 -> 8 -> 7 -> 6 -> 5 -> 4 -> 3 -> 2 -> 14
18 -> 1 -> 25 -> 24 -> 23 -> 22 -> 21 -> 20 -> 19 -> 17 -> 16 -> 14 -> 13 -> 12 -> 11 -> 10 -> 9 -> 8 -> 7 -> 6 -> 5 -> 4 -> 3 -> 2 -> 15
18 -> 1 -> 25 -> 24 -> 23 -> 22 -> 21 -> 20 -> 19 -> 17 -> 15 -> 14 -> 13 -> 12 -> 11 -> 10 -> 9 -> 8 -> 7 -> 6 -> 5 -> 4 -> 3 -> 2 -> 16
18 -> 1 -> 25 -> 24 -> 23 -> 22 -> 21 -> 20 -> 19 -> 16 -> 15 -> 14 -> 13 -> 12 -> 11 -> 10 -> 9 -> 8 -> 7 -> 6 -> 5 -> 4 -> 3 -> 2 -> 17
18 -> 1 -> 25 -> 24 -> 23 -> 22 -> 21 -> 20 -> 17 -> 16 -> 15 -> 14 -> 13 -> 12 -> 11 -> 10 -> 9 -> 8 -> 7 -> 6 -> 5 -> 4 -> 3 -> 2 -> 19
18 -> 1 -> 25 -> 24 -> 23 -> 22 -> 21 -> 19 -> 17 -> 16 -> 15 -> 14 -> 13 -> 12 -> 11 -> 10 -> 9 -> 8 -> 7 -> 6 -> 5 -> 4 -> 3 -> 2 -> 20
18 -> 1 -> 25 -> 24 -> 23 -> 22 -> 20 -> 19 -> 17 -> 16 -> 15 -> 14 -> 13 -> 12 -> 11 -> 10 -> 9 -> 8 -> 7 -> 6 -> 5 -> 4 -> 3 -> 2 -> 21
18 -> 1 -> 25 -> 24 -> 23 -> 21 -> 20 -> 19 -> 17 -> 16 -> 15 -> 14 -> 13 -> 12 -> 11 -> 10 -> 9 -> 8 -> 7 -> 6 -> 5 -> 4 -> 3 -> 2 -> 22
18 -> 1 -> 25 -> 24 -> 22 -> 21 -> 20 -> 19 -> 17 -> 16 -> 15 -> 14 -> 13 -> 12 -> 11 -> 10 -> 9 -> 8 -> 7 -> 6 -> 5 -> 4 -> 3 -> 2 -> 23
18 -> 1 -> 25 -> 23 -> 22 -> 21 -> 20 -> 19 -> 17 -> 16 -> 15 -> 14 -> 13 -> 12 -> 11 -> 10 -> 9 -> 8 -> 7 -> 6 -> 5 -> 4 -> 3 -> 2 -> 24
18 -> 1 -> 24 -> 23 -> 22 -> 21 -> 20 -> 19 -> 17 -> 16 -> 15 -> 14 -> 13 -> 12 -> 11 -> 10 -> 9 -> 8 -> 7 -> 6 -> 5 -> 4 -> 3 -> 2 -> 25
19 -> 1 -> 25 -> 24 -> 23 -> 22 -> 21 -> 20 -> 18 -> 17 -> 16 -> 15 -> 14 -> 13 -> 12 -> 11 -> 10 -> 9 -> 8 -> 7 -> 6 -> 5 -> 4 -> 3 -> 2
19 -> 1 -> 25 -> 24 -> 23 -> 22 -> 21 -> 20 -> 18 -> 17 -> 16 -> 15 -> 14 -> 13 -> 12 -> 11 -> 10 -> 9 -> 8 -> 7 -> 6 -> 5 -> 4 -> 2 -> 3
19 -> 1 -> 25 -> 24 -> 23 -> 22 -> 21 -> 20 -> 18 -> 17 -> 16 -> 15 -> 14 -> 13 -> 12 -> 11 -> 10 -> 9 -> 8 -> 7 -> 6 -> 5 -> 3 -> 2 -> 4
19 -> 1 -> 25 -> 24 -> 23 -> 22 -> 21 -> 20 -> 18 -> 17 -> 16 -> 15 -> 14 -> 13 -> 12 -> 11 -> 10 -> 9 -> 8 -> 7 -> 6 -> 4 -> 3 -> 2 -> 5
19 -> 1 -> 25 -> 24 -> 23 -> 22 -> 21 -> 20 -> 18 -> 17 -> 16 -> 15 -> 14 -> 13 -> 12 -> 11 -> 10 -> 9 -> 8 -> 7 -> 5 -> 4 -> 3 -> 2 -> 6
19 -> 1 -> 25 -> 24 -> 23 -> 22 -> 21 -> 20 -> 18 -> 17 -> 16 -> 15 -> 14 -> 13 -> 12 -> 11 -> 10 -> 9 -> 8 -> 6 -> 5 -> 4 -> 3 -> 2 -> 7
19 -> 1 -> 25 -> 24 -> 23 -> 22 -> 21 -> 20 -> 18 -> 17 -> 16 -> 15 -> 14 -> 13 -> 12 -> 11 -> 10 -> 9 -> 7 -> 6 -> 5 -> 4 -> 3 -> 2 -> 8
19 -> 1 -> 25 -> 24 -> 23 -> 22 -> 21 -> 20 -> 18 -> 17 -> 16 -> 15 -> 14 -> 13 -> 12 -> 11 -> 10 -> 8 -> 7 -> 6 -> 5 -> 4 -> 3 -> 2 -> 9
19 -> 1 -> 25 -> 24 -> 23 -> 22 -> 21 -> 20 -> 18 -> 17 -> 16 -> 15 -> 14 -> 13 -> 12 -> 11 -> 9 -> 8 -> 7 -> 6 -> 5 -> 4 -> 3 -> 2 -> 10
19 -> 1 -> 25 -> 24 -> 23 -> 22 -> 21 -> 20 -> 18 -> 17 -> 16 -> 15 -> 14 -> 13 -> 12 -> 10 -> 9 -> 8 -> 7 -> 6 -> 5 -> 4 -> 3 -> 2 -> 11
19 -> 1 -> 25 -> 24 -> 23 -> 22 -> 21 -> 20 -> 18 -> 17 -> 16 -> 15 -> 14 -> 13 -> 11 -> 10 -> 9 -> 8 -> 7 -> 6 -> 5 -> 4 -> 3 -> 2 -> 12
19 -> 1 -> 25 -> 24 -> 23 -> 22 -> 21 -> 20 -> 18 -> 17 -> 16 -> 15 -> 14 -> 12 -> 11 -> 10 -> 9 -> 8 -> 7 -> 6 -> 5 -> 4 -> 3 -> 2 -> 13
19 -> 1 -> 25 -> 24 -> 23 -> 22 -> 21 -> 20 -> 18 -> 17 -> 16 -> 15 -> 13 -> 12 -> 11 -> 10 -> 9 -> 8 -> 7 -> 6 -> 5 -> 4 -> 3 -> 2 -> 14
19 -> 1 -> 25 -> 24 -> 23 -> 22 -> 21 -> 20 -> 18 -> 17 -> 16 -> 14 -> 13 -> 12 -> 11 -> 10 -> 9 -> 8 -> 7 -> 6 -> 5 -> 4 -> 3 -> 2 -> 15
19 -> 1 -> 25 -> 24 -> 23 -> 22 -> 21 -> 20 -> 18 -> 17 -> 15 -> 14 -> 13 -> 12 -> 11 -> 10 -> 9 -> 8 -> 7 -> 6 -> 5 -> 4 -> 3 -> 2 -> 16
19 -> 1 -> 25 -> 24 -> 23 -> 22 -> 21 -> 20 -> 18 -> 16 -> 15 -> 14 -> 13 -> 12 -> 11 -> 10 -> 9 -> 8 -> 7 -> 6 -> 5 -> 4 -> 3 -> 2 -> 17
19 -> 1 -> 25 -> 24 -> 23 -> 22 -> 21 -> 20 -> 17 -> 16 -> 15 -> 14 -> 13 -> 12 -> 11 -> 10 -> 9 -> 8 -> 7 -> 6 -> 5 -> 4 -> 3 -> 2 -> 18
19 -> 1 -> 25 -> 24 -> 23 -> 22 -> 21 -> 18 -> 17 -> 16 -> 15 -> 14 -> 13 -> 12 -> 11 -> 10 -> 9 -> 8 -> 7 -> 6 -> 5 -> 4 -> 3 -> 2 -> 20
19 -> 1 -> 25 -> 24 -> 23 -> 22 -> 20 -> 18 -> 17 -> 16 -> 15 -> 14 -> 13 -> 12 -> 11 -> 10 -> 9 -> 8 -> 7 -> 6 -> 5 -> 4 -> 3 -> 2 -> 21
19 -> 1 -> 25 -> 24 -> 23 -> 21 -> 20 -> 18 -> 17 -> 16 -> 15 -> 14 -> 13 -> 12 -> 11 -> 10 -> 9 -> 8 -> 7 -> 6 -> 5 -> 4 -> 3 -> 2 -> 22
19 -> 1 -> 25 -> 24 -> 22 -> 21 -> 20 -> 18 -> 17 -> 16 -> 15 -> 14 -> 13 -> 12 -> 11 -> 10 -> 9 -> 8 -> 7 -> 6 -> 5 -> 4 -> 3 -> 2 -> 23
19 -> 1 -> 25 -> 23 -> 22 -> 21 -> 20 -> 18 -> 17 -> 16 -> 15 -> 14 -> 13 -> 12 -> 11 -> 10 -> 9 -> 8 -> 7 -> 6 -> 5 -> 4 -> 3 -> 2 -> 24
19 -> 1 -> 24 -> 23 -> 22 -> 21 -> 20 -> 18 -> 17 -> 16 -> 15 -> 14 -> 13 -> 12 -> 11 -> 10 -> 9 -> 8 -> 7 -> 6 -> 5 -> 4 -> 3 -> 2 -> 25
20 -> 1 -> 25 -> 24 -> 23 -> 22 -> 21 -> 19 -> 18 -> 17 -> 16 -> 15 -> 14 -> 13 -> 12 -> 11 -> 10 -> 9 -> 8 -> 7 -> 6 -> 5 -> 4 -> 3 -> 2
20 -> 1 -> 25 -> 24 -> 23 -> 22 -> 21 -> 19 -> 18 -> 17 -> 16 -> 15 -> 14 -> 13 -> 12 -> 11 -> 10 -> 9 -> 8 -> 7 -> 6 -> 5 -> 4 -> 2 -> 3
20 -> 1 -> 25 -> 24 -> 23 -> 22 -> 21 -> 19 -> 18 -> 17 -> 16 -> 15 -> 14 -> 13 -> 12 -> 11 -> 10 -> 9 -> 8 -> 7 -> 6 -> 5 -> 3 -> 2 -> 4
20 -> 1 -> 25 -> 24 -> 23 -> 22 -> 21 -> 19 -> 18 -> 17 -> 16 -> 15 -> 14 -> 13 -> 12 -> 11 -> 10 -> 9 -> 8 -> 7 -> 6 -> 4 -> 3 -> 2 -> 5
20 -> 1 -> 25 -> 24 -> 23 -> 22 -> 21 -> 19 -> 18 -> 17 -> 16 -> 15 -> 14 -> 13 -> 12 -> 11 -> 10 -> 9 -> 8 -> 7 -> 5 -> 4 -> 3 -> 2 -> 6
20 -> 1 -> 25 -> 24 -> 23 -> 22 -> 21 -> 19 -> 18 -> 17 -> 16 -> 15 -> 14 -> 13 -> 12 -> 11 -> 10 -> 9 -> 8 -> 6 -> 5 -> 4 -> 3 -> 2 -> 7
20 -> 1 -> 25 -> 24 -> 23 -> 22 -> 21 -> 19 -> 18 -> 17 -> 16 -> 15 -> 14 -> 13 -> 12 -> 11 -> 10 -> 9 -> 7 -> 6 -> 5 -> 4 -> 3 -> 2 -> 8
20 -> 1 -> 25 -> 24 -> 23 -> 22 -> 21 -> 19 -> 18 -> 17 -> 16 -> 15 -> 14 -> 13 -> 12 -> 11 -> 10 -> 8 -> 7 -> 6 -> 5 -> 4 -> 3 -> 2 -> 9
20 -> 1 -> 25 -> 24 -> 23 -> 22 -> 21 -> 19 -> 18 -> 17 -> 16 -> 15 -> 14 -> 13 -> 12 -> 11 -> 9 -> 8 -> 7 -> 6 -> 5 -> 4 -> 3 -> 2 -> 10
20 -> 1 -> 25 -> 24 -> 23 -> 22 -> 21 -> 19 -> 18 -> 17 -> 16 -> 15 -> 14 -> 13 -> 12 -> 10 -> 9 -> 8 -> 7 -> 6 -> 5 -> 4 -> 3 -> 2 -> 11
20 -> 1 -> 25 -> 24 -> 23 -> 22 -> 21 -> 19 -> 18 -> 17 -> 16 -> 15 -> 14 -> 13 -> 11 -> 10 -> 9 -> 8 -> 7 -> 6 -> 5 -> 4 -> 3 -> 2 -> 12
20 -> 1 -> 25 -> 24 -> 23 -> 22 -> 21 -> 19 -> 18 -> 17 -> 16 -> 15 -> 14 -> 12 -> 11 -> 10 -> 9 -> 8 -> 7 -> 6 -> 5 -> 4 -> 3 -> 2 -> 13
20 -> 1 -> 25 -> 24 -> 23 -> 22 -> 21 -> 19 -> 18 -> 17 -> 16 -> 15 -> 13 -> 12 -> 11 -> 10 -> 9 -> 8 -> 7 -> 6 -> 5 -> 4 -> 3 -> 2 -> 14
20 -> 1 -> 25 -> 24 -> 23 -> 22 -> 21 -> 19 -> 18 -> 17 -> 16 -> 14 -> 13 -> 12 -> 11 -> 10 -> 9 -> 8 -> 7 -> 6 -> 5 -> 4 -> 3 -> 2 -> 15
20 -> 1 -> 25 -> 24 -> 23 -> 22 -> 21 -> 19 -> 18 -> 17 -> 15 -> 14 -> 13 -> 12 -> 11 -> 10 -> 9 -> 8 -> 7 -> 6 -> 5 -> 4 -> 3 -> 2 -> 16
20 -> 1 -> 25 -> 24 -> 23 -> 22 -> 21 -> 19 -> 18 -> 16 -> 15 -> 14 -> 13 -> 12 -> 11 -> 10 -> 9 -> 8 -> 7 -> 6 -> 5 -> 4 -> 3 -> 2 -> 17
20 -> 1 -> 25 -> 24 -> 23 -> 22 -> 21 -> 19 -> 17 -> 16 -> 15 -> 14 -> 13 -> 12 -> 11 -> 10 -> 9 -> 8 -> 7 -> 6 -> 5 -> 4 -> 3 -> 2 -> 18
20 -> 1 -> 25 -> 24 -> 23 -> 22 -> 21 -> 18 -> 17 -> 16 -> 15 -> 14 -> 13 -> 12 -> 11 -> 10 -> 9 -> 8 -> 7 -> 6 -> 5 -> 4 -> 3 -> 2 -> 19
20 -> 1 -> 25 -> 24 -> 23 -> 22 -> 19 -> 18 -> 17 -> 16 -> 15 -> 14 -> 13 -> 12 -> 11 -> 10 -> 9 -> 8 -> 7 -> 6 -> 5 -> 4 -> 3 -> 2 -> 21
20 -> 1 -> 25 -> 24 -> 23 -> 21 -> 19 -> 18 -> 17 -> 16 -> 15 -> 14 -> 13 -> 12 -> 11 -> 10 -> 9 -> 8 -> 7 -> 6 -> 5 -> 4 -> 3 -> 2 -> 22
20 -> 1 -> 25 -> 24 -> 22 -> 21 -> 19 -> 18 -> 17 -> 16 -> 15 -> 14 -> 13 -> 12 -> 11 -> 10 -> 9 -> 8 -> 7 -> 6 -> 5 -> 4 -> 3 -> 2 -> 23
20 -> 1 -> 25 -> 23 -> 22 -> 21 -> 19 -> 18 -> 17 -> 16 -> 15 -> 14 -> 13 -> 12 -> 11 -> 10 -> 9 -> 8 -> 7 -> 6 -> 5 -> 4 -> 3 -> 2 -> 24
20 -> 1 -> 24 -> 23 -> 22 -> 21 -> 19 -> 18 -> 17 -> 16 -> 15 -> 14 -> 13 -> 12 -> 11 -> 10 -> 9 -> 8 -> 7 -> 6 -> 5 -> 4 -> 3 -> 2 -> 25
21 -> 1 -> 25 -> 24 -> 23 -> 22 -> 20 -> 19 -> 18 -> 17 -> 16 -> 15 -> 14 -> 13 -> 12 -> 11 -> 10 -> 9 -> 8 -> 7 -> 6 -> 5 -> 4 -> 3 -> 2
21 -> 1 -> 25 -> 24 -> 23 -> 22 -> 20 -> 19 -> 18 -> 17 -> 16 -> 15 -> 14 -> 13 -> 12 -> 11 -> 10 -> 9 -> 8 -> 7 -> 6 -> 5 -> 4 -> 2 -> 3
21 -> 1 -> 25 -> 24 -> 23 -> 22 -> 20 -> 19 -> 18 -> 17 -> 16 -> 15 -> 14 -> 13 -> 12 -> 11 -> 10 -> 9 -> 8 -> 7 -> 6 -> 5 -> 3 -> 2 -> 4
21 -> 1 -> 25 -> 24 -> 23 -> 22 -> 20 -> 19 -> 18 -> 17 -> 16 -> 15 -> 14 -> 13 -> 12 -> 11 -> 10 -> 9 -> 8 -> 7 -> 6 -> 4 -> 3 -> 2 -> 5
21 -> 1 -> 25 -> 24 -> 23 -> 22 -> 20 -> 19 -> 18 -> 17 -> 16 -> 15 -> 14 -> 13 -> 12 -> 11 -> 10 -> 9 -> 8 -> 7 -> 5 -> 4 -> 3 -> 2 -> 6
21 -> 1 -> 25 -> 24 -> 23 -> 22 -> 20 -> 19 -> 18 -> 17 -> 16 -> 15 -> 14 -> 13 -> 12 -> 11 -> 10 -> 9 -> 8 -> 6 -> 5 -> 4 -> 3 -> 2 -> 7
21 -> 1 -> 25 -> 24 -> 23 -> 22 -> 20 -> 19 -> 18 -> 17 -> 16 -> 15 -> 14 -> 13 -> 12 -> 11 -> 10 -> 9 -> 7 -> 6 -> 5 -> 4 -> 3 -> 2 -> 8
21 -> 1 -> 25 -> 24 -> 23 -> 22 -> 20 -> 19 -> 18 -> 17 -> 16 -> 15 -> 14 -> 13 -> 12 -> 11 -> 10 -> 8 -> 7 -> 6 -> 5 -> 4 -> 3 -> 2 -> 9
21 -> 1 -> 25 -> 24 -> 23 -> 22 -> 20 -> 19 -> 18 -> 17 -> 16 -> 15 -> 14 -> 13 -> 12 -> 11 -> 9 -> 8 -> 7 -> 6 -> 5 -> 4 -> 3 -> 2 -> 10
21 -> 1 -> 25 -> 24 -> 23 -> 22 -> 20 -> 19 -> 18 -> 17 -> 16 -> 15 -> 14 -> 13 -> 12 -> 10 -> 9 -> 8 -> 7 -> 6 -> 5 -> 4 -> 3 -> 2 -> 11
21 -> 1 -> 25 -> 24 -> 23 -> 22 -> 20 -> 19 -> 18 -> 17 -> 16 -> 15 -> 14 -> 13 -> 11 -> 10 -> 9 -> 8 -> 7 -> 6 -> 5 -> 4 -> 3 -> 2 -> 12
21 -> 1 -> 25 -> 24 -> 23 -> 22 -> 20 -> 19 -> 18 -> 17 -> 16 -> 15 -> 14 -> 12 -> 11 -> 10 -> 9 -> 8 -> 7 -> 6 -> 5 -> 4 -> 3 -> 2 -> 13
21 -> 1 -> 25 -> 24 -> 23 -> 22 -> 20 -> 19 -> 18 -> 17 -> 16 -> 15 -> 13 -> 12 -> 11 -> 10 -> 9 -> 8 -> 7 -> 6 -> 5 -> 4 -> 3 -> 2 -> 14
21 -> 1 -> 25 -> 24 -> 23 -> 22 -> 20 -> 19 -> 18 -> 17 -> 16 -> 14 -> 13 -> 12 -> 11 -> 10 -> 9 -> 8 -> 7 -> 6 -> 5 -> 4 -> 3 -> 2 -> 15
21 -> 1 -> 25 -> 24 -> 23 -> 22 -> 20 -> 19 -> 18 -> 17 -> 15 -> 14 -> 13 -> 12 -> 11 -> 10 -> 9 -> 8 -> 7 -> 6 -> 5 -> 4 -> 3 -> 2 -> 16
21 -> 1 -> 25 -> 24 -> 23 -> 22 -> 20 -> 19 -> 18 -> 16 -> 15 -> 14 -> 13 -> 12 -> 11 -> 10 -> 9 -> 8 -> 7 -> 6 -> 5 -> 4 -> 3 -> 2 -> 17
21 -> 1 -> 25 -> 24 -> 23 -> 22 -> 20 -> 19 -> 17 -> 16 -> 15 -> 14 -> 13 -> 12 -> 11 -> 10 -> 9 -> 8 -> 7 -> 6 -> 5 -> 4 -> 3 -> 2 -> 18
21 -> 1 -> 25 -> 24 -> 23 -> 22 -> 20 -> 18 -> 17 -> 16 -> 15 -> 14 -> 13 -> 12 -> 11 -> 10 -> 9 -> 8 -> 7 -> 6 -> 5 -> 4 -> 3 -> 2 -> 19
21 -> 1 -> 25 -> 24 -> 23 -> 22 -> 19 -> 18 -> 17 -> 16 -> 15 -> 14 -> 13 -> 12 -> 11 -> 10 -> 9 -> 8 -> 7 -> 6 -> 5 -> 4 -> 3 -> 2 -> 20
21 -> 1 -> 25 -> 24 -> 23 -> 20 -> 19 -> 18 -> 17 -> 16 -> 15 -> 14 -> 13 -> 12 -> 11 -> 10 -> 9 -> 8 -> 7 -> 6 -> 5 -> 4 -> 3 -> 2 -> 22
21 -> 1 -> 25 -> 24 -> 22 -> 20 -> 19 -> 18 -> 17 -> 16 -> 15 -> 14 -> 13 -> 12 -> 11 -> 10 -> 9 -> 8 -> 7 -> 6 -> 5 -> 4 -> 3 -> 2 -> 23
21 -> 1 -> 25 -> 23 -> 22 -> 20 -> 19 -> 18 -> 17 -> 16 -> 15 -> 14 -> 13 -> 12 -> 11 -> 10 -> 9 -> 8 -> 7 -> 6 -> 5 -> 4 -> 3 -> 2 -> 24
21 -> 1 -> 24 -> 23 -> 22 -> 20 -> 19 -> 18 -> 17 -> 16 -> 15 -> 14 -> 13 -> 12 -> 11 -> 10 -> 9 -> 8 -> 7 -> 6 -> 5 -> 4 -> 3 -> 2 -> 25
22 -> 1 -> 25 -> 24 -> 23 -> 21 -> 20 -> 19 -> 18 -> 17 -> 16 -> 15 -> 14 -> 13 -> 12 -> 11 -> 10 -> 9 -> 8 -> 7 -> 6 -> 5 -> 4 -> 3 -> 2
22 -> 1 -> 25 -> 24 -> 23 -> 21 -> 20 -> 19 -> 18 -> 17 -> 16 -> 15 -> 14 -> 13 -> 12 -> 11 -> 10 -> 9 -> 8 -> 7 -> 6 -> 5 -> 4 -> 2 -> 3
22 -> 1 -> 25 -> 24 -> 23 -> 21 -> 20 -> 19 -> 18 -> 17 -> 16 -> 15 -> 14 -> 13 -> 12 -> 11 -> 10 -> 9 -> 8 -> 7 -> 6 -> 5 -> 3 -> 2 -> 4
22 -> 1 -> 25 -> 24 -> 23 -> 21 -> 20 -> 19 -> 18 -> 17 -> 16 -> 15 -> 14 -> 13 -> 12 -> 11 -> 10 -> 9 -> 8 -> 7 -> 6 -> 4 -> 3 -> 2 -> 5
22 -> 1 -> 25 -> 24 -> 23 -> 21 -> 20 -> 19 -> 18 -> 17 -> 16 -> 15 -> 14 -> 13 -> 12 -> 11 -> 10 -> 9 -> 8 -> 7 -> 5 -> 4 -> 3 -> 2 -> 6
22 -> 1 -> 25 -> 24 -> 23 -> 21 -> 20 -> 19 -> 18 -> 17 -> 16 -> 15 -> 14 -> 13 -> 12 -> 11 -> 10 -> 9 -> 8 -> 6 -> 5 -> 4 -> 3 -> 2 -> 7
22 -> 1 -> 25 -> 24 -> 23 -> 21 -> 20 -> 19 -> 18 -> 17 -> 16 -> 15 -> 14 -> 13 -> 12 -> 11 -> 10 -> 9 -> 7 -> 6 -> 5 -> 4 -> 3 -> 2 -> 8
22 -> 1 -> 25 -> 24 -> 23 -> 21 -> 20 -> 19 -> 18 -> 17 -> 16 -> 15 -> 14 -> 13 -> 12 -> 11 -> 10 -> 8 -> 7 -> 6 -> 5 -> 4 -> 3 -> 2 -> 9
22 -> 1 -> 25 -> 24 -> 23 -> 21 -> 20 -> 19 -> 18 -> 17 -> 16 -> 15 -> 14 -> 13 -> 12 -> 11 -> 9 -> 8 -> 7 -> 6 -> 5 -> 4 -> 3 -> 2 -> 10
22 -> 1 -> 25 -> 24 -> 23 -> 21 -> 20 -> 19 -> 18 -> 17 -> 16 -> 15 -> 14 -> 13 -> 12 -> 10 -> 9 -> 8 -> 7 -> 6 -> 5 -> 4 -> 3 -> 2 -> 11
22 -> 1 -> 25 -> 24 -> 23 -> 21 -> 20 -> 19 -> 18 -> 17 -> 16 -> 15 -> 14 -> 13 -> 11 -> 10 -> 9 -> 8 -> 7 -> 6 -> 5 -> 4 -> 3 -> 2 -> 12
22 -> 1 -> 25 -> 24 -> 23 -> 21 -> 20 -> 19 -> 18 -> 17 -> 16 -> 15 -> 14 -> 12 -> 11 -> 10 -> 9 -> 8 -> 7 -> 6 -> 5 -> 4 -> 3 -> 2 -> 13
22 -> 1 -> 25 -> 24 -> 23 -> 21 -> 20 -> 19 -> 18 -> 17 -> 16 -> 15 -> 13 -> 12 -> 11 -> 10 -> 9 -> 8 -> 7 -> 6 -> 5 -> 4 -> 3 -> 2 -> 14
22 -> 1 -> 25 -> 24 -> 23 -> 21 -> 20 -> 19 -> 18 -> 17 -> 16 -> 14 -> 13 -> 12 -> 11 -> 10 -> 9 -> 8 -> 7 -> 6 -> 5 -> 4 -> 3 -> 2 -> 15
22 -> 1 -> 25 -> 24 -> 23 -> 21 -> 20 -> 19 -> 18 -> 17 -> 15 -> 14 -> 13 -> 12 -> 11 -> 10 -> 9 -> 8 -> 7 -> 6 -> 5 -> 4 -> 3 -> 2 -> 16
22 -> 1 -> 25 -> 24 -> 23 -> 21 -> 20 -> 19 -> 18 -> 16 -> 15 -> 14 -> 13 -> 12 -> 11 -> 10 -> 9 -> 8 -> 7 -> 6 -> 5 -> 4 -> 3 -> 2 -> 17
22 -> 1 -> 25 -> 24 -> 23 -> 21 -> 20 -> 19 -> 17 -> 16 -> 15 -> 14 -> 13 -> 12 -> 11 -> 10 -> 9 -> 8 -> 7 -> 6 -> 5 -> 4 -> 3 -> 2 -> 18
22 -> 1 -> 25 -> 24 -> 23 -> 21 -> 20 -> 18 -> 17 -> 16 -> 15 -> 14 -> 13 -> 12 -> 11 -> 10 -> 9 -> 8 -> 7 -> 6 -> 5 -> 4 -> 3 -> 2 -> 19
22 -> 1 -> 25 -> 24 -> 23 -> 21 -> 19 -> 18 -> 17 -> 16 -> 15 -> 14 -> 13 -> 12 -> 11 -> 10 -> 9 -> 8 -> 7 -> 6 -> 5 -> 4 -> 3 -> 2 -> 20
22 -> 1 -> 25 -> 24 -> 23 -> 20 -> 19 -> 18 -> 17 -> 16 -> 15 -> 14 -> 13 -> 12 -> 11 -> 10 -> 9 -> 8 -> 7 -> 6 -> 5 -> 4 -> 3 -> 2 -> 21
22 -> 1 -> 25 -> 24 -> 21 -> 20 -> 19 -> 18 -> 17 -> 16 -> 15 -> 14 -> 13 -> 12 -> 11 -> 10 -> 9 -> 8 -> 7 -> 6 -> 5 -> 4 -> 3 -> 2 -> 23
22 -> 1 -> 25 -> 23 -> 21 -> 20 -> 19 -> 18 -> 17 -> 16 -> 15 -> 14 -> 13 -> 12 -> 11 -> 10 -> 9 -> 8 -> 7 -> 6 -> 5 -> 4 -> 3 -> 2 -> 24
22 -> 1 -> 24 -> 23 -> 21 -> 20 -> 19 -> 18 -> 17 -> 16 -> 15 -> 14 -> 13 -> 12 -> 11 -> 10 -> 9 -> 8 -> 7 -> 6 -> 5 -> 4 -> 3 -> 2 -> 25
23 -> 1 -> 25 -> 24 -> 22 -> 21 -> 20 -> 19 -> 18 -> 17 -> 16 -> 15 -> 14 -> 13 -> 12 -> 11 -> 10 -> 9 -> 8 -> 7 -> 6 -> 5 -> 4 -> 3 -> 2
23 -> 1 -> 25 -> 24 -> 22 -> 21 -> 20 -> 19 -> 18 -> 17 -> 16 -> 15 -> 14 -> 13 -> 12 -> 11 -> 10 -> 9 -> 8 -> 7 -> 6 -> 5 -> 4 -> 2 -> 3
23 -> 1 -> 25 -> 24 -> 22 -> 21 -> 20 -> 19 -> 18 -> 17 -> 16 -> 15 -> 14 -> 13 -> 12 -> 11 -> 10 -> 9 -> 8 -> 7 -> 6 -> 5 -> 3 -> 2 -> 4
23 -> 1 -> 25 -> 24 -> 22 -> 21 -> 20 -> 19 -> 18 -> 17 -> 16 -> 15 -> 14 -> 13 -> 12 -> 11 -> 10 -> 9 -> 8 -> 7 -> 6 -> 4 -> 3 -> 2 -> 5
23 -> 1 -> 25 -> 24 -> 22 -> 21 -> 20 -> 19 -> 18 -> 17 -> 16 -> 15 -> 14 -> 13 -> 12 -> 11 -> 10 -> 9 -> 8 -> 7 -> 5 -> 4 -> 3 -> 2 -> 6
23 -> 1 -> 25 -> 24 -> 22 -> 21 -> 20 -> 19 -> 18 -> 17 -> 16 -> 15 -> 14 -> 13 -> 12 -> 11 -> 10 -> 9 -> 8 -> 6 -> 5 -> 4 -> 3 -> 2 -> 7
23 -> 1 -> 25 -> 24 -> 22 -> 21 -> 20 -> 19 -> 18 -> 17 -> 16 -> 15 -> 14 -> 13 -> 12 -> 11 -> 10 -> 9 -> 7 -> 6 -> 5 -> 4 -> 3 -> 2 -> 8
23 -> 1 -> 25 -> 24 -> 22 -> 21 -> 20 -> 19 -> 18 -> 17 -> 16 -> 15 -> 14 -> 13 -> 12 -> 11 -> 10 -> 8 -> 7 -> 6 -> 5 -> 4 -> 3 -> 2 -> 9
23 -> 1 -> 25 -> 24 -> 22 -> 21 -> 20 -> 19 -> 18 -> 17 -> 16 -> 15 -> 14 -> 13 -> 12 -> 11 -> 9 -> 8 -> 7 -> 6 -> 5 -> 4 -> 3 -> 2 -> 10
23 -> 1 -> 25 -> 24 -> 22 -> 21 -> 20 -> 19 -> 18 -> 17 -> 16 -> 15 -> 14 -> 13 -> 12 -> 10 -> 9 -> 8 -> 7 -> 6 -> 5 -> 4 -> 3 -> 2 -> 11
23 -> 1 -> 25 -> 24 -> 22 -> 21 -> 20 -> 19 -> 18 -> 17 -> 16 -> 15 -> 14 -> 13 -> 11 -> 10 -> 9 -> 8 -> 7 -> 6 -> 5 -> 4 -> 3 -> 2 -> 12
23 -> 1 -> 25 -> 24 -> 22 -> 21 -> 20 -> 19 -> 18 -> 17 -> 16 -> 15 -> 14 -> 12 -> 11 -> 10 -> 9 -> 8 -> 7 -> 6 -> 5 -> 4 -> 3 -> 2 -> 13
23 -> 1 -> 25 -> 24 -> 22 -> 21 -> 20 -> 19 -> 18 -> 17 -> 16 -> 15 -> 13 -> 12 -> 11 -> 10 -> 9 -> 8 -> 7 -> 6 -> 5 -> 4 -> 3 -> 2 -> 14
23 -> 1 -> 25 -> 24 -> 22 -> 21 -> 20 -> 19 -> 18 -> 17 -> 16 -> 14 -> 13 -> 12 -> 11 -> 10 -> 9 -> 8 -> 7 -> 6 -> 5 -> 4 -> 3 -> 2 -> 15
23 -> 1 -> 25 -> 24 -> 22 -> 21 -> 20 -> 19 -> 18 -> 17 -> 15 -> 14 -> 13 -> 12 -> 11 -> 10 -> 9 -> 8 -> 7 -> 6 -> 5 -> 4 -> 3 -> 2 -> 16
23 -> 1 -> 25 -> 24 -> 22 -> 21 -> 20 -> 19 -> 18 -> 16 -> 15 -> 14 -> 13 -> 12 -> 11 -> 10 -> 9 -> 8 -> 7 -> 6 -> 5 -> 4 -> 3 -> 2 -> 17
23 -> 1 -> 25 -> 24 -> 22 -> 21 -> 20 -> 19 -> 17 -> 16 -> 15 -> 14 -> 13 -> 12 -> 11 -> 10 -> 9 -> 8 -> 7 -> 6 -> 5 -> 4 -> 3 -> 2 -> 18
23 -> 1 -> 25 -> 24 -> 22 -> 21 -> 20 -> 18 -> 17 -> 16 -> 15 -> 14 -> 13 -> 12 -> 11 -> 10 -> 9 -> 8 -> 7 -> 6 -> 5 -> 4 -> 3 -> 2 -> 19
23 -> 1 -> 25 -> 24 -> 22 -> 21 -> 19 -> 18 -> 17 -> 16 -> 15 -> 14 -> 13 -> 12 -> 11 -> 10 -> 9 -> 8 -> 7 -> 6 -> 5 -> 4 -> 3 -> 2 -> 20
23 -> 1 -> 25 -> 24 -> 22 -> 20 -> 19 -> 18 -> 17 -> 16 -> 15 -> 14 -> 13 -> 12 -> 11 -> 10 -> 9 -> 8 -> 7 -> 6 -> 5 -> 4 -> 3 -> 2 -> 21
23 -> 1 -> 25 -> 24 -> 21 -> 20 -> 19 -> 18 -> 17 -> 16 -> 15 -> 14 -> 13 -> 12 -> 11 -> 10 -> 9 -> 8 -> 7 -> 6 -> 5 -> 4 -> 3 -> 2 -> 22
23 -> 1 -> 25 -> 22 -> 21 -> 20 -> 19 -> 18 -> 17 -> 16 -> 15 -> 14 -> 13 -> 12 -> 11 -> 10 -> 9 -> 8 -> 7 -> 6 -> 5 -> 4 -> 3 -> 2 -> 24
23 -> 1 -> 24 -> 22 -> 21 -> 20 -> 19 -> 18 -> 17 -> 16 -> 15 -> 14 -> 13 -> 12 -> 11 -> 10 -> 9 -> 8 -> 7 -> 6 -> 5 -> 4 -> 3 -> 2 -> 25
24 -> 1 -> 25 -> 23 -> 22 -> 21 -> 20 -> 19 -> 18 -> 17 -> 16 -> 15 -> 14 -> 13 -> 12 -> 11 -> 10 -> 9 -> 8 -> 7 -> 6 -> 5 -> 4 -> 3 -> 2
24 -> 1 -> 25 -> 23 -> 22 -> 21 -> 20 -> 19 -> 18 -> 17 -> 16 -> 15 -> 14 -> 13 -> 12 -> 11 -> 10 -> 9 -> 8 -> 7 -> 6 -> 5 -> 4 -> 2 -> 3
24 -> 1 -> 25 -> 23 -> 22 -> 21 -> 20 -> 19 -> 18 -> 17 -> 16 -> 15 -> 14 -> 13 -> 12 -> 11 -> 10 -> 9 -> 8 -> 7 -> 6 -> 5 -> 3 -> 2 -> 4
24 -> 1 -> 25 -> 23 -> 22 -> 21 -> 20 -> 19 -> 18 -> 17 -> 16 -> 15 -> 14 -> 13 -> 12 -> 11 -> 10 -> 9 -> 8 -> 7 -> 6 -> 4 -> 3 -> 2 -> 5
24 -> 1 -> 25 -> 23 -> 22 -> 21 -> 20 -> 19 -> 18 -> 17 -> 16 -> 15 -> 14 -> 13 -> 12 -> 11 -> 10 -> 9 -> 8 -> 7 -> 5 -> 4 -> 3 -> 2 -> 6
24 -> 1 -> 25 -> 23 -> 22 -> 21 -> 20 -> 19 -> 18 -> 17 -> 16 -> 15 -> 14 -> 13 -> 12 -> 11 -> 10 -> 9 -> 8 -> 6 -> 5 -> 4 -> 3 -> 2 -> 7
24 -> 1 -> 25 -> 23 -> 22 -> 21 -> 20 -> 19 -> 18 -> 17 -> 16 -> 15 -> 14 -> 13 -> 12 -> 11 -> 10 -> 9 -> 7 -> 6 -> 5 -> 4 -> 3 -> 2 -> 8
24 -> 1 -> 25 -> 23 -> 22 -> 21 -> 20 -> 19 -> 18 -> 17 -> 16 -> 15 -> 14 -> 13 -> 12 -> 11 -> 10 -> 8 -> 7 -> 6 -> 5 -> 4 -> 3 -> 2 -> 9
24 -> 1 -> 25 -> 23 -> 22 -> 21 -> 20 -> 19 -> 18 -> 17 -> 16 -> 15 -> 14 -> 13 -> 12 -> 11 -> 9 -> 8 -> 7 -> 6 -> 5 -> 4 -> 3 -> 2 -> 10
24 -> 1 -> 25 -> 23 -> 22 -> 21 -> 20 -> 19 -> 18 -> 17 -> 16 -> 15 -> 14 -> 13 -> 12 -> 10 -> 9 -> 8 -> 7 -> 6 -> 5 -> 4 -> 3 -> 2 -> 11
24 -> 1 -> 25 -> 23 -> 22 -> 21 -> 20 -> 19 -> 18 -> 17 -> 16 -> 15 -> 14 -> 13 -> 11 -> 10 -> 9 -> 8 -> 7 -> 6 -> 5 -> 4 -> 3 -> 2 -> 12
24 -> 1 -> 25 -> 23 -> 22 -> 21 -> 20 -> 19 -> 18 -> 17 -> 16 -> 15 -> 14 -> 12 -> 11 -> 10 -> 9 -> 8 -> 7 -> 6 -> 5 -> 4 -> 3 -> 2 -> 13
24 -> 1 -> 25 -> 23 -> 22 -> 21 -> 20 -> 19 -> 18 -> 17 -> 16 -> 15 -> 13 -> 12 -> 11 -> 10 -> 9 -> 8 -> 7 -> 6 -> 5 -> 4 -> 3 -> 2 -> 14
24 -> 1 -> 25 -> 23 -> 22 -> 21 -> 20 -> 19 -> 18 -> 17 -> 16 -> 14 -> 13 -> 12 -> 11 -> 10 -> 9 -> 8 -> 7 -> 6 -> 5 -> 4 -> 3 -> 2 -> 15
24 -> 1 -> 25 -> 23 -> 22 -> 21 -> 20 -> 19 -> 18 -> 17 -> 15 -> 14 -> 13 -> 12 -> 11 -> 10 -> 9 -> 8 -> 7 -> 6 -> 5 -> 4 -> 3 -> 2 -> 16
24 -> 1 -> 25 -> 23 -> 22 -> 21 -> 20 -> 19 -> 18 -> 16 -> 15 -> 14 -> 13 -> 12 -> 11 -> 10 -> 9 -> 8 -> 7 -> 6 -> 5 -> 4 -> 3 -> 2 -> 17
24 -> 1 -> 25 -> 23 -> 22 -> 21 -> 20 -> 19 -> 17 -> 16 -> 15 -> 14 -> 13 -> 12 -> 11 -> 10 -> 9 -> 8 -> 7 -> 6 -> 5 -> 4 -> 3 -> 2 -> 18
24 -> 1 -> 25 -> 23 -> 22 -> 21 -> 20 -> 18 -> 17 -> 16 -> 15 -> 14 -> 13 -> 12 -> 11 -> 10 -> 9 -> 8 -> 7 -> 6 -> 5 -> 4 -> 3 -> 2 -> 19
24 -> 1 -> 25 -> 23 -> 22 -> 21 -> 19 -> 18 -> 17 -> 16 -> 15 -> 14 -> 13 -> 12 -> 11 -> 10 -> 9 -> 8 -> 7 -> 6 -> 5 -> 4 -> 3 -> 2 -> 20
24 -> 1 -> 25 -> 23 -> 22 -> 20 -> 19 -> 18 -> 17 -> 16 -> 15 -> 14 -> 13 -> 12 -> 11 -> 10 -> 9 -> 8 -> 7 -> 6 -> 5 -> 4 -> 3 -> 2 -> 21
24 -> 1 -> 25 -> 23 -> 21 -> 20 -> 19 -> 18 -> 17 -> 16 -> 15 -> 14 -> 13 -> 12 -> 11 -> 10 -> 9 -> 8 -> 7 -> 6 -> 5 -> 4 -> 3 -> 2 -> 22
24 -> 1 -> 25 -> 22 -> 21 -> 20 -> 19 -> 18 -> 17 -> 16 -> 15 -> 14 -> 13 -> 12 -> 11 -> 10 -> 9 -> 8 -> 7 -> 6 -> 5 -> 4 -> 3 -> 2 -> 23
24 -> 1 -> 23 -> 22 -> 21 -> 20 -> 19 -> 18 -> 17 -> 16 -> 15 -> 14 -> 13 -> 12 -> 11 -> 10 -> 9 -> 8 -> 7 -> 6 -> 5 -> 4 -> 3 -> 2 -> 25
25 -> 1 -> 24 -> 23 -> 22 -> 21 -> 20 -> 19 -> 18 -> 17 -> 16 -> 15 -> 14 -> 13 -> 12 -> 11 -> 10 -> 9 -> 8 -> 7 -> 6 -> 5 -> 4 -> 3 -> 2
25 -> 1 -> 24 -> 23 -> 22 -> 21 -> 20 -> 19 -> 18 -> 17 -> 16 -> 15 -> 14 -> 13 -> 12 -> 11 -> 10 -> 9 -> 8 -> 7 -> 6 -> 5 -> 4 -> 2 -> 3
25 -> 1 -> 24 -> 23 -> 22 -> 21 -> 20 -> 19 -> 18 -> 17 -> 16 -> 15 -> 14 -> 13 -> 12 -> 11 -> 10 -> 9 -> 8 -> 7 -> 6 -> 5 -> 3 -> 2 -> 4
25 -> 1 -> 24 -> 23 -> 22 -> 21 -> 20 -> 19 -> 18 -> 17 -> 16 -> 15 -> 14 -> 13 -> 12 -> 11 -> 10 -> 9 -> 8 -> 7 -> 6 -> 4 -> 3 -> 2 -> 5
25 -> 1 -> 24 -> 23 -> 22 -> 21 -> 20 -> 19 -> 18 -> 17 -> 16 -> 15 -> 14 -> 13 -> 12 -> 11 -> 10 -> 9 -> 8 -> 7 -> 5 -> 4 -> 3 -> 2 -> 6
25 -> 1 -> 24 -> 23 -> 22 -> 21 -> 20 -> 19 -> 18 -> 17 -> 16 -> 15 -> 14 -> 13 -> 12 -> 11 -> 10 -> 9 -> 8 -> 6 -> 5 -> 4 -> 3 -> 2 -> 7
25 -> 1 -> 24 -> 23 -> 22 -> 21 -> 20 -> 19 -> 18 -> 17 -> 16 -> 15 -> 14 -> 13 -> 12 -> 11 -> 10 -> 9 -> 7 -> 6 -> 5 -> 4 -> 3 -> 2 -> 8
25 -> 1 -> 24 -> 23 -> 22 -> 21 -> 20 -> 19 -> 18 -> 17 -> 16 -> 15 -> 14 -> 13 -> 12 -> 11 -> 10 -> 8 -> 7 -> 6 -> 5 -> 4 -> 3 -> 2 -> 9
25 -> 1 -> 24 -> 23 -> 22 -> 21 -> 20 -> 19 -> 18 -> 17 -> 16 -> 15 -> 14 -> 13 -> 12 -> 11 -> 9 -> 8 -> 7 -> 6 -> 5 -> 4 -> 3 -> 2 -> 10
25 -> 1 -> 24 -> 23 -> 22 -> 21 -> 20 -> 19 -> 18 -> 17 -> 16 -> 15 -> 14 -> 13 -> 12 -> 10 -> 9 -> 8 -> 7 -> 6 -> 5 -> 4 -> 3 -> 2 -> 11
25 -> 1 -> 24 -> 23 -> 22 -> 21 -> 20 -> 19 -> 18 -> 17 -> 16 -> 15 -> 14 -> 13 -> 11 -> 10 -> 9 -> 8 -> 7 -> 6 -> 5 -> 4 -> 3 -> 2 -> 12
25 -> 1 -> 24 -> 23 -> 22 -> 21 -> 20 -> 19 -> 18 -> 17 -> 16 -> 15 -> 14 -> 12 -> 11 -> 10 -> 9 -> 8 -> 7 -> 6 -> 5 -> 4 -> 3 -> 2 -> 13
25 -> 1 -> 24 -> 23 -> 22 -> 21 -> 20 -> 19 -> 18 -> 17 -> 16 -> 15 -> 13 -> 12 -> 11 -> 10 -> 9 -> 8 -> 7 -> 6 -> 5 -> 4 -> 3 -> 2 -> 14
25 -> 1 -> 24 -> 23 -> 22 -> 21 -> 20 -> 19 -> 18 -> 17 -> 16 -> 14 -> 13 -> 12 -> 11 -> 10 -> 9 -> 8 -> 7 -> 6 -> 5 -> 4 -> 3 -> 2 -> 15
25 -> 1 -> 24 -> 23 -> 22 -> 21 -> 20 -> 19 -> 18 -> 17 -> 15 -> 14 -> 13 -> 12 -> 11 -> 10 -> 9 -> 8 -> 7 -> 6 -> 5 -> 4 -> 3 -> 2 -> 16
25 -> 1 -> 24 -> 23 -> 22 -> 21 -> 20 -> 19 -> 18 -> 16 -> 15 -> 14 -> 13 -> 12 -> 11 -> 10 -> 9 -> 8 -> 7 -> 6 -> 5 -> 4 -> 3 -> 2 -> 17
25 -> 1 -> 24 -> 23 -> 22 -> 21 -> 20 -> 19 -> 17 -> 16 -> 15 -> 14 -> 13 -> 12 -> 11 -> 10 -> 9 -> 8 -> 7 -> 6 -> 5 -> 4 -> 3 -> 2 -> 18
25 -> 1 -> 24 -> 23 -> 22 -> 21 -> 20 -> 18 -> 17 -> 16 -> 15 -> 14 -> 13 -> 12 -> 11 -> 10 -> 9 -> 8 -> 7 -> 6 -> 5 -> 4 -> 3 -> 2 -> 19
25 -> 1 -> 24 -> 23 -> 22 -> 21 -> 19 -> 18 -> 17 -> 16 -> 15 -> 14 -> 13 -> 12 -> 11 -> 10 -> 9 -> 8 -> 7 -> 6 -> 5 -> 4 -> 3 -> 2 -> 20
25 -> 1 -> 24 -> 23 -> 22 -> 20 -> 19 -> 18 -> 17 -> 16 -> 15 -> 14 -> 13 -> 12 -> 11 -> 10 -> 9 -> 8 -> 7 -> 6 -> 5 -> 4 -> 3 -> 2 -> 21
25 -> 1 -> 24 -> 23 -> 21 -> 20 -> 19 -> 18 -> 17 -> 16 -> 15 -> 14 -> 13 -> 12 -> 11 -> 10 -> 9 -> 8 -> 7 -> 6 -> 5 -> 4 -> 3 -> 2 -> 22
25 -> 1 -> 24 -> 22 -> 21 -> 20 -> 19 -> 18 -> 17 -> 16 -> 15 -> 14 -> 13 -> 12 -> 11 -> 10 -> 9 -> 8 -> 7 -> 6 -> 5 -> 4 -> 3 -> 2 -> 23
25 -> 1 -> 23 -> 22 -> 21 -> 20 -> 19 -> 18 -> 17 -> 16 -> 15 -> 14 -> 13 -> 12 -> 11 -> 10 -> 9 -> 8 -> 7 -> 6 -> 5 -> 4 -> 3 -> 2 -> 24
2 -> 3 -> 4 -> 5 -> 6 -> 7 -> 8 -> 9 -> 10 -> 11 -> 12 -> 13 -> 14 -> 15 -> 16 -> 17 -> 18 -> 19 -> 20 -> 21 -> 22 -> 23 -> 24 -> 25 -> 1
3 -> 2 -> 4 -> 5 -> 6 -> 7 -> 8 -> 9 -> 10 -> 11 -> 12 -> 13 -> 14 -> 15 -> 16 -> 17 -> 18 -> 19 -> 20 -> 21 -> 22 -> 23 -> 24 -> 25 -> 1
4 -> 2 -> 3 -> 5 -> 6 -> 7 -> 8 -> 9 -> 10 -> 11 -> 12 -> 13 -> 14 -> 15 -> 16 -> 17 -> 18 -> 19 -> 20 -> 21 -> 22 -> 23 -> 24 -> 25 -> 1
5 -> 2 -> 3 -> 4 -> 6 -> 7 -> 8 -> 9 -> 10 -> 11 -> 12 -> 13 -> 14 -> 15 -> 16 -> 17 -> 18 -> 19 -> 20 -> 21 -> 22 -> 23 -> 24 -> 25 -> 1
6 -> 2 -> 3 -> 4 -> 5 -> 7 -> 8 -> 9 -> 10 -> 11 -> 12 -> 13 -> 14 -> 15 -> 16 -> 17 -> 18 -> 19 -> 20 -> 21 -> 22 -> 23 -> 24 -> 25 -> 1
7 -> 2 -> 3 -> 4 -> 5 -> 6 -> 8 -> 9 -> 10 -> 11 -> 12 -> 13 -> 14 -> 15 -> 16 -> 17 -> 18 -> 19 -> 20 -> 21 -> 22 -> 23 -> 24 -> 25 -> 1
8 -> 2 -> 3 -> 4 -> 5 -> 6 -> 7 -> 9 -> 10 -> 11 -> 12 -> 13 -> 14 -> 15 -> 16 -> 17 -> 18 -> 19 -> 20 -> 21 -> 22 -> 23 -> 24 -> 25 -> 1
9 -> 2 -> 3 -> 4 -> 5 -> 6 -> 7 -> 8 -> 10 -> 11 -> 12 -> 13 -> 14 -> 15 -> 16 -> 17 -> 18 -> 19 -> 20 -> 21 -> 22 -> 23 -> 24 -> 25 -> 1
10 -> 2 -> 3 -> 4 -> 5 -> 6 -> 7 -> 8 -> 9 -> 11 -> 12 -> 13 -> 14 -> 15 -> 16 -> 17 -> 18 -> 19 -> 20 -> 21 -> 22 -> 23 -> 24 -> 25 -> 1
11 -> 2 -> 3 -> 4 -> 5 -> 6 -> 7 -> 8 -> 9 -> 10 -> 12 -> 13 -> 14 -> 15 -> 16 -> 17 -> 18 -> 19 -> 20 -> 21 -> 22 -> 23 -> 24 -> 25 -> 1
12 -> 2 -> 3 -> 4 -> 5 -> 6 -> 7 -> 8 -> 9 -> 10 -> 11 -> 13 -> 14 -> 15 -> 16 -> 17 -> 18 -> 19 -> 20 -> 21 -> 22 -> 23 -> 24 -> 25 -> 1
13 -> 2 -> 3 -> 4 -> 5 -> 6 -> 7 -> 8 -> 9 -> 10 -> 11 -> 12 -> 14 -> 15 -> 16 -> 17 -> 18 -> 19 -> 20 -> 21 -> 22 -> 23 -> 24 -> 25 -> 1
14 -> 2 -> 3 -> 4 -> 5 -> 6 -> 7 -> 8 -> 9 -> 10 -> 11 -> 12 -> 13 -> 15 -> 16 -> 17 -> 18 -> 19 -> 20 -> 21 -> 22 -> 23 -> 24 -> 25 -> 1
15 -> 2 -> 3 -> 4 -> 5 -> 6 -> 7 -> 8 -> 9 -> 10 -> 11 -> 12 -> 13 -> 14 -> 16 -> 17 -> 18 -> 19 -> 20 -> 21 -> 22 -> 23 -> 24 -> 25 -> 1
16 -> 2 -> 3 -> 4 -> 5 -> 6 -> 7 -> 8 -> 9 -> 10 -> 11 -> 12 -> 13 -> 14 -> 15 -> 17 -> 18 -> 19 -> 20 -> 21 -> 22 -> 23 -> 24 -> 25 -> 1
17 -> 2 -> 3 -> 4 -> 5 -> 6 -> 7 -> 8 -> 9 -> 10 -> 11 -> 12 -> 13 -> 14 -> 15 -> 16 -> 18 -> 19 -> 20 -> 21 -> 22 -> 23 -> 24 -> 25 -> 1
18 -> 2 -> 3 -> 4 -> 5 -> 6 -> 7 -> 8 -> 9 -> 10 -> 11 -> 12 -> 13 -> 14 -> 15 -> 16 -> 17 -> 19 -> 20 -> 21 -> 22 -> 23 -> 24 -> 25 -> 1
19 -> 2 -> 3 -> 4 -> 5 -> 6 -> 7 -> 8 -> 9 -> 10 -> 11 -> 12 -> 13 -> 14 -> 15 -> 16 -> 17 -> 18 -> 20 -> 21 -> 22 -> 23 -> 24 -> 25 -> 1
20 -> 2 -> 3 -> 4 -> 5 -> 6 -> 7 -> 8 -> 9 -> 10 -> 11 -> 12 -> 13 -> 14 -> 15 -> 16 -> 17 -> 18 -> 19 -> 21 -> 22 -> 23 -> 24 -> 25 -> 1
21 -> 2 -> 3 -> 4 -> 5 -> 6 -> 7 -> 8 -> 9 -> 10 -> 11 -> 12 -> 13 -> 14 -> 15 -> 16 -> 17 -> 18 -> 19 -> 20 -> 22 -> 23 -> 24 -> 25 -> 1
22 -> 2 -> 3 -> 4 -> 5 -> 6 -> 7 -> 8 -> 9 -> 10 -> 11 -> 12 -> 13 -> 14 -> 15 -> 16 -> 17 -> 18 -> 19 -> 20 -> 21 -> 23 -> 24 -> 25 -> 1
23 -> 2 -> 3 -> 4 -> 5 -> 6 -> 7 -> 8 -> 9 -> 10 -> 11 -> 12 -> 13 -> 14 -> 15 -> 16 -> 17 -> 18 -> 19 -> 20 -> 21 -> 22 -> 24 -> 25 -> 1
24 -> 2 -> 3 -> 4 -> 5 -> 6 -> 7 -> 8 -> 9 -> 10 -> 11 -> 12 -> 13 -> 14 -> 15 -> 16 -> 17 -> 18 -> 19 -> 20 -> 21 -> 22 -> 23 -> 25 -> 1
25 -> 2 -> 3 -> 4 -> 5 -> 6 -> 7 -> 8 -> 9 -> 10 -> 11 -> 12 -> 13 -> 14 -> 15 -> 16 -> 17 -> 18 -> 19 -> 20 -> 21 -> 22 -> 23 -> 24 -> 1
